SF:C:\language\mdmdview\src\app.rs
FN:848,_RINvMs2_NtCsj01YzKchgFg_8mdmdview3appNtB6_17MarkdownViewerApp18spawn_named_threadNCNvB2_17spawn_file_loader0EB8_
FN:2245,_RNCNCNCNvMs2_NtCsj01YzKchgFg_8mdmdview3appNtBb_17MarkdownViewerApp11update_impls2_000Bd_
FN:1952,_RNCNCNCNvMs2_NtCsj01YzKchgFg_8mdmdview3appNtBb_17MarkdownViewerApp17render_status_bar000Bd_
FN:2033,_RNCNCNCNvMs2_NtCsj01YzKchgFg_8mdmdview3appNtBb_17MarkdownViewerApp19render_drag_overlay000Bd_
FN:2514,_RNCNCNCNvMs4_NtCsj01YzKchgFg_8mdmdview3appNtBb_17MarkdownViewerApp20render_search_dialog000Bd_
FN:2236,_RNCNCNvMs2_NtCsj01YzKchgFg_8mdmdview3appNtB9_17MarkdownViewerApp11update_impls2_00Bb_
FN:1839,_RNCNCNvMs2_NtCsj01YzKchgFg_8mdmdview3appNtB9_17MarkdownViewerApp15render_menu_bar0s_0Bb_
FN:1919,_RNCNCNvMs2_NtCsj01YzKchgFg_8mdmdview3appNtB9_17MarkdownViewerApp17render_status_bar00Bb_
FN:873,_RNCNCNvMs2_NtCsj01YzKchgFg_8mdmdview3appNtB9_17MarkdownViewerApp17spawn_file_loader00Bb_
FN:2032,_RNCNCNvMs2_NtCsj01YzKchgFg_8mdmdview3appNtB9_17MarkdownViewerApp19render_drag_overlay00Bb_
FN:1998,_RNCNCNvMs2_NtCsj01YzKchgFg_8mdmdview3appNtB9_17MarkdownViewerApp23handle_drag_drop_events00Bb_
FN:1497,_RNCNCNvMs2_NtCsj01YzKchgFg_8mdmdview3appNtB9_17MarkdownViewerApp25render_file_menu_contents00Bb_
FN:1539,_RNCNCNvMs2_NtCsj01YzKchgFg_8mdmdview3appNtB9_17MarkdownViewerApp25render_file_menu_contentss0_00Bb_
FN:1560,_RNCNCNvMs2_NtCsj01YzKchgFg_8mdmdview3appNtB9_17MarkdownViewerApp25render_file_menu_contentss1_00Bb_
FN:1580,_RNCNCNvMs2_NtCsj01YzKchgFg_8mdmdview3appNtB9_17MarkdownViewerApp25render_file_menu_contentss2_00Bb_
FN:1520,_RNCNCNvMs2_NtCsj01YzKchgFg_8mdmdview3appNtB9_17MarkdownViewerApp25render_file_menu_contentss_00Bb_
FN:1626,_RNCNCNvMs2_NtCsj01YzKchgFg_8mdmdview3appNtB9_17MarkdownViewerApp25render_view_menu_contents00Bb_
FN:1665,_RNCNCNvMs2_NtCsj01YzKchgFg_8mdmdview3appNtB9_17MarkdownViewerApp25render_view_menu_contentss0_00Bb_
FN:1688,_RNCNCNvMs2_NtCsj01YzKchgFg_8mdmdview3appNtB9_17MarkdownViewerApp25render_view_menu_contentss1_00Bb_
FN:1725,_RNCNCNvMs2_NtCsj01YzKchgFg_8mdmdview3appNtB9_17MarkdownViewerApp25render_view_menu_contentss3_00Bb_
FN:1744,_RNCNCNvMs2_NtCsj01YzKchgFg_8mdmdview3appNtB9_17MarkdownViewerApp25render_view_menu_contentss4_00Bb_
FN:1763,_RNCNCNvMs2_NtCsj01YzKchgFg_8mdmdview3appNtB9_17MarkdownViewerApp25render_view_menu_contentss5_00Bb_
FN:1781,_RNCNCNvMs2_NtCsj01YzKchgFg_8mdmdview3appNtB9_17MarkdownViewerApp25render_view_menu_contentss6_00Bb_
FN:1785,_RNCNCNvMs2_NtCsj01YzKchgFg_8mdmdview3appNtB9_17MarkdownViewerApp25render_view_menu_contentss6_0s_0Bb_
FN:1640,_RNCNCNvMs2_NtCsj01YzKchgFg_8mdmdview3appNtB9_17MarkdownViewerApp25render_view_menu_contentss_00Bb_
FN:2503,_RNCNCNvMs4_NtCsj01YzKchgFg_8mdmdview3appNtB9_17MarkdownViewerApp20render_search_dialog00Bb_
FN:2585,_RNCNCNvMs4_NtCsj01YzKchgFg_8mdmdview3appNtB9_17MarkdownViewerApp24handle_screenshot_events00Bb_
FN:2141,_RNCNvMs2_NtCsj01YzKchgFg_8mdmdview3appNtB7_17MarkdownViewerApp11update_impls0_0B9_
FN:2184,_RNCNvMs2_NtCsj01YzKchgFg_8mdmdview3appNtB7_17MarkdownViewerApp11update_impls2_0B9_
FN:2090,_RNCNvMs2_NtCsj01YzKchgFg_8mdmdview3appNtB7_17MarkdownViewerApp11update_impls_0B9_
FN:897,_RNCNvMs2_NtCsj01YzKchgFg_8mdmdview3appNtB7_17MarkdownViewerApp15poll_file_loads0B9_
FN:900,_RNCNvMs2_NtCsj01YzKchgFg_8mdmdview3appNtB7_17MarkdownViewerApp15poll_file_loadss_0B9_
FN:1832,_RNCNvMs2_NtCsj01YzKchgFg_8mdmdview3appNtB7_17MarkdownViewerApp15render_menu_bar0B9_
FN:1263,_RNCNvMs2_NtCsj01YzKchgFg_8mdmdview3appNtB7_17MarkdownViewerApp16handle_shortcuts0B9_
FN:1918,_RNCNvMs2_NtCsj01YzKchgFg_8mdmdview3appNtB7_17MarkdownViewerApp17render_status_bar0B9_
FN:870,_RNCNvMs2_NtCsj01YzKchgFg_8mdmdview3appNtB7_17MarkdownViewerApp17spawn_file_loader0B9_
FN:1168,_RNCNvMs2_NtCsj01YzKchgFg_8mdmdview3appNtB7_17MarkdownViewerApp19load_sample_by_name0B9_
FN:2016,_RNCNvMs2_NtCsj01YzKchgFg_8mdmdview3appNtB7_17MarkdownViewerApp19render_drag_overlay0B9_
FN:413,_RNCNvMs2_NtCsj01YzKchgFg_8mdmdview3appNtB7_17MarkdownViewerApp21move_raw_cursor_liness0_0B9_
FN:405,_RNCNvMs2_NtCsj01YzKchgFg_8mdmdview3appNtB7_17MarkdownViewerApp21move_raw_cursor_liness_0B9_
FN:1988,_RNCNvMs2_NtCsj01YzKchgFg_8mdmdview3appNtB7_17MarkdownViewerApp23handle_drag_drop_events0B9_
FN:1176,_RNCNvMs2_NtCsj01YzKchgFg_8mdmdview3appNtB7_17MarkdownViewerApp25load_welcome_from_samples0B9_
FN:1483,_RNCNvMs2_NtCsj01YzKchgFg_8mdmdview3appNtB7_17MarkdownViewerApp25render_file_menu_contents0B9_
FN:1525,_RNCNvMs2_NtCsj01YzKchgFg_8mdmdview3appNtB7_17MarkdownViewerApp25render_file_menu_contentss0_0B9_
FN:1544,_RNCNvMs2_NtCsj01YzKchgFg_8mdmdview3appNtB7_17MarkdownViewerApp25render_file_menu_contentss1_0B9_
FN:1565,_RNCNvMs2_NtCsj01YzKchgFg_8mdmdview3appNtB7_17MarkdownViewerApp25render_file_menu_contentss2_0B9_
FN:1502,_RNCNvMs2_NtCsj01YzKchgFg_8mdmdview3appNtB7_17MarkdownViewerApp25render_file_menu_contentss_0B9_
FN:1797,_RNCNvMs2_NtCsj01YzKchgFg_8mdmdview3appNtB7_17MarkdownViewerApp25render_help_menu_contents0B9_
FN:1813,_RNCNvMs2_NtCsj01YzKchgFg_8mdmdview3appNtB7_17MarkdownViewerApp25render_help_menu_contentss_0B9_
FN:1617,_RNCNvMs2_NtCsj01YzKchgFg_8mdmdview3appNtB7_17MarkdownViewerApp25render_view_menu_contents0B9_
FN:1647,_RNCNvMs2_NtCsj01YzKchgFg_8mdmdview3appNtB7_17MarkdownViewerApp25render_view_menu_contentss0_0B9_
FN:1670,_RNCNvMs2_NtCsj01YzKchgFg_8mdmdview3appNtB7_17MarkdownViewerApp25render_view_menu_contentss1_0B9_
FN:1693,_RNCNvMs2_NtCsj01YzKchgFg_8mdmdview3appNtB7_17MarkdownViewerApp25render_view_menu_contentss2_0B9_
FN:1711,_RNCNvMs2_NtCsj01YzKchgFg_8mdmdview3appNtB7_17MarkdownViewerApp25render_view_menu_contentss3_0B9_
FN:1730,_RNCNvMs2_NtCsj01YzKchgFg_8mdmdview3appNtB7_17MarkdownViewerApp25render_view_menu_contentss4_0B9_
FN:1749,_RNCNvMs2_NtCsj01YzKchgFg_8mdmdview3appNtB7_17MarkdownViewerApp25render_view_menu_contentss5_0B9_
FN:1770,_RNCNvMs2_NtCsj01YzKchgFg_8mdmdview3appNtB7_17MarkdownViewerApp25render_view_menu_contentss6_0B9_
FN:1631,_RNCNvMs2_NtCsj01YzKchgFg_8mdmdview3appNtB7_17MarkdownViewerApp25render_view_menu_contentss_0B9_
FN:780,_RNCNvMs2_NtCsj01YzKchgFg_8mdmdview3appNtB7_17MarkdownViewerApp9load_file0B9_
FN:799,_RNCNvMs2_NtCsj01YzKchgFg_8mdmdview3appNtB7_17MarkdownViewerApp9load_files0_0B9_
FN:803,_RNCNvMs2_NtCsj01YzKchgFg_8mdmdview3appNtB7_17MarkdownViewerApp9load_files1_0B9_
FN:782,_RNCNvMs2_NtCsj01YzKchgFg_8mdmdview3appNtB7_17MarkdownViewerApp9load_files_0B9_
FN:2806,_RNCNvMs4_NtCsj01YzKchgFg_8mdmdview3appNtB7_17MarkdownViewerApp12json_opt_f320B9_
FN:2807,_RNCNvMs4_NtCsj01YzKchgFg_8mdmdview3appNtB7_17MarkdownViewerApp12json_opt_f32s_0B9_
FN:2786,_RNCNvMs4_NtCsj01YzKchgFg_8mdmdview3appNtB7_17MarkdownViewerApp19color_image_to_rgba0B9_
FN:2748,_RNCNvMs4_NtCsj01YzKchgFg_8mdmdview3appNtB7_17MarkdownViewerApp19screenshot_metadata0B9_
FN:2749,_RNCNvMs4_NtCsj01YzKchgFg_8mdmdview3appNtB7_17MarkdownViewerApp19screenshot_metadatas_0B9_
FN:2501,_RNCNvMs4_NtCsj01YzKchgFg_8mdmdview3appNtB7_17MarkdownViewerApp20render_search_dialog0B9_
FN:2476,_RNCNvMs4_NtCsj01YzKchgFg_8mdmdview3appNtB7_17MarkdownViewerApp21save_current_document0B9_
FN:2480,_RNCNvMs4_NtCsj01YzKchgFg_8mdmdview3appNtB7_17MarkdownViewerApp21save_current_documents_0B9_
FN:2623,_RNCNvMs4_NtCsj01YzKchgFg_8mdmdview3appNtB7_17MarkdownViewerApp23update_screenshot_state0B9_
FN:2584,_RNCNvMs4_NtCsj01YzKchgFg_8mdmdview3appNtB7_17MarkdownViewerApp24handle_screenshot_events0B9_
FN:50,_RNCNvNtCsj01YzKchgFg_8mdmdview3app20app_action_triggered0B5_
FN:60,_RNCNvNtCsj01YzKchgFg_8mdmdview3app21take_forced_open_path0B5_
FN:65,_RNCNvNtCsj01YzKchgFg_8mdmdview3app21take_forced_save_path0B5_
FN:70,_RNCNvNtCsj01YzKchgFg_8mdmdview3app22take_forced_load_error0B5_
FN:75,_RNCNvNtCsj01YzKchgFg_8mdmdview3app22take_forced_scan_error0B5_
FN:85,_RNCNvNtCsj01YzKchgFg_8mdmdview3app28take_forced_read_lossy_error0B5_
FN:80,_RNCNvNtCsj01YzKchgFg_8mdmdview3app28take_forced_scan_entry_error0B5_
FN:103,_RNvMNtCsj01YzKchgFg_8mdmdview3appNtB2_15ScreenshotTheme6as_str
FN:227,_RNvMs0_NtCsj01YzKchgFg_8mdmdview3appNtB5_15ScreenshotState12scroll_ready
FN:212,_RNvMs0_NtCsj01YzKchgFg_8mdmdview3appNtB5_15ScreenshotState13record_scroll
FN:239,_RNvMs0_NtCsj01YzKchgFg_8mdmdview3appNtB5_15ScreenshotState16update_stability
FN:192,_RNvMs0_NtCsj01YzKchgFg_8mdmdview3appNtB5_15ScreenshotState3new
FN:1153,_RNvMs2_NtCsj01YzKchgFg_8mdmdview3appNtB5_17MarkdownViewerApp11load_sample
FN:2067,_RNvMs2_NtCsj01YzKchgFg_8mdmdview3appNtB5_17MarkdownViewerApp11update_impl
FN:744,_RNvMs2_NtCsj01YzKchgFg_8mdmdview3appNtB5_17MarkdownViewerApp12load_content
FN:1037,_RNvMs2_NtCsj01YzKchgFg_8mdmdview3appNtB5_17MarkdownViewerApp12push_history
FN:492,_RNvMs2_NtCsj01YzKchgFg_8mdmdview3appNtB5_17MarkdownViewerApp13find_previous
FN:1061,_RNvMs2_NtCsj01YzKchgFg_8mdmdview3appNtB5_17MarkdownViewerApp13navigate_back
FN:1203,_RNvMs2_NtCsj01YzKchgFg_8mdmdview3appNtB5_17MarkdownViewerApp13request_close
FN:1215,_RNvMs2_NtCsj01YzKchgFg_8mdmdview3appNtB5_17MarkdownViewerApp14pick_open_path
FN:1228,_RNvMs2_NtCsj01YzKchgFg_8mdmdview3appNtB5_17MarkdownViewerApp14pick_save_path
FN:1134,_RNvMs2_NtCsj01YzKchgFg_8mdmdview3appNtB5_17MarkdownViewerApp14request_reload
FN:717,_RNvMs2_NtCsj01YzKchgFg_8mdmdview3appNtB5_17MarkdownViewerApp14scan_directory
FN:579,_RNvMs2_NtCsj01YzKchgFg_8mdmdview3appNtB5_17MarkdownViewerApp14set_zoom_scale
FN:1032,_RNvMs2_NtCsj01YzKchgFg_8mdmdview3appNtB5_17MarkdownViewerApp15fold_for_search
FN:885,_RNvMs2_NtCsj01YzKchgFg_8mdmdview3appNtB5_17MarkdownViewerApp15poll_file_loads
FN:836,_RNvMs2_NtCsj01YzKchgFg_8mdmdview3appNtB5_17MarkdownViewerApp15read_file_lossy
FN:1831,_RNvMs2_NtCsj01YzKchgFg_8mdmdview3appNtB5_17MarkdownViewerApp15render_menu_bar
FN:603,_RNvMs2_NtCsj01YzKchgFg_8mdmdview3appNtB5_17MarkdownViewerApp16handle_file_drop
FN:1262,_RNvMs2_NtCsj01YzKchgFg_8mdmdview3appNtB5_17MarkdownViewerApp16handle_shortcuts
FN:1072,_RNvMs2_NtCsj01YzKchgFg_8mdmdview3appNtB5_17MarkdownViewerApp16navigate_forward
FN:1233,_RNvMs2_NtCsj01YzKchgFg_8mdmdview3appNtB5_17MarkdownViewerApp16open_file_dialog
FN:825,_RNvMs2_NtCsj01YzKchgFg_8mdmdview3appNtB5_17MarkdownViewerApp16read_lossy_bytes
FN:1242,_RNvMs2_NtCsj01YzKchgFg_8mdmdview3appNtB5_17MarkdownViewerApp16toggle_view_mode
FN:1124,_RNvMs2_NtCsj01YzKchgFg_8mdmdview3appNtB5_17MarkdownViewerApp17can_navigate_back
FN:1917,_RNvMs2_NtCsj01YzKchgFg_8mdmdview3appNtB5_17MarkdownViewerApp17render_status_bar
FN:867,_RNvMs2_NtCsj01YzKchgFg_8mdmdview3appNtB5_17MarkdownViewerApp17spawn_file_loader
FN:374,_RNvMs2_NtCsj01YzKchgFg_8mdmdview3appNtB5_17MarkdownViewerApp17toggle_write_mode
FN:448,_RNvMs2_NtCsj01YzKchgFg_8mdmdview3appNtB5_17MarkdownViewerApp18clear_search_state
FN:1191,_RNvMs2_NtCsj01YzKchgFg_8mdmdview3appNtB5_17MarkdownViewerApp18close_current_file
FN:708,_RNvMs2_NtCsj01YzKchgFg_8mdmdview3appNtB5_17MarkdownViewerApp18resolve_scan_entry
FN:1167,_RNvMs2_NtCsj01YzKchgFg_8mdmdview3appNtB5_17MarkdownViewerApp19load_sample_by_name
FN:1143,_RNvMs2_NtCsj01YzKchgFg_8mdmdview3appNtB5_17MarkdownViewerApp19reload_current_file
FN:2007,_RNvMs2_NtCsj01YzKchgFg_8mdmdview3appNtB5_17MarkdownViewerApp19render_drag_overlay
FN:583,_RNvMs2_NtCsj01YzKchgFg_8mdmdview3appNtB5_17MarkdownViewerApp19set_screenshot_mode
FN:1129,_RNvMs2_NtCsj01YzKchgFg_8mdmdview3appNtB5_17MarkdownViewerApp20can_navigate_forward
FN:915,_RNvMs2_NtCsj01YzKchgFg_8mdmdview3appNtB5_17MarkdownViewerApp20current_window_state
FN:1093,_RNvMs2_NtCsj01YzKchgFg_8mdmdview3appNtB5_17MarkdownViewerApp20restore_from_history
FN:1018,_RNvMs2_NtCsj01YzKchgFg_8mdmdview3appNtB5_17MarkdownViewerApp20window_state_changed
FN:395,_RNvMs2_NtCsj01YzKchgFg_8mdmdview3appNtB5_17MarkdownViewerApp21move_raw_cursor_lines
FN:1982,_RNvMs2_NtCsj01YzKchgFg_8mdmdview3appNtB5_17MarkdownViewerApp21render_status_tooltip
FN:593,_RNvMs2_NtCsj01YzKchgFg_8mdmdview3appNtB5_17MarkdownViewerApp22is_valid_markdown_file
FN:815,_RNvMs2_NtCsj01YzKchgFg_8mdmdview3appNtB5_17MarkdownViewerApp22normalize_line_endings
FN:1987,_RNvMs2_NtCsj01YzKchgFg_8mdmdview3appNtB5_17MarkdownViewerApp23handle_drag_drop_events
FN:1886,_RNvMs2_NtCsj01YzKchgFg_8mdmdview3appNtB5_17MarkdownViewerApp24render_main_context_menu
FN:925,_RNvMs2_NtCsj01YzKchgFg_8mdmdview3appNtB5_17MarkdownViewerApp25compute_window_adjustment
FN:1175,_RNvMs2_NtCsj01YzKchgFg_8mdmdview3appNtB5_17MarkdownViewerApp25load_welcome_from_samples
FN:1477,_RNvMs2_NtCsj01YzKchgFg_8mdmdview3appNtB5_17MarkdownViewerApp25render_file_menu_contents
FN:1791,_RNvMs2_NtCsj01YzKchgFg_8mdmdview3appNtB5_17MarkdownViewerApp25render_help_menu_contents
FN:1610,_RNvMs2_NtCsj01YzKchgFg_8mdmdview3appNtB5_17MarkdownViewerApp25render_view_menu_contents
FN:1601,_RNvMs2_NtCsj01YzKchgFg_8mdmdview3appNtB5_17MarkdownViewerApp28render_samples_menu_contents
FN:863,_RNvMs2_NtCsj01YzKchgFg_8mdmdview3appNtB5_17MarkdownViewerApp33force_thread_spawn_error_for_test
FN:529,_RNvMs2_NtCsj01YzKchgFg_8mdmdview3appNtB5_17MarkdownViewerApp3new
FN:455,_RNvMs2_NtCsj01YzKchgFg_8mdmdview3appNtB5_17MarkdownViewerApp9find_next
FN:769,_RNvMs2_NtCsj01YzKchgFg_8mdmdview3appNtB5_17MarkdownViewerApp9load_file
FN:2789,_RNvMs4_NtCsj01YzKchgFg_8mdmdview3appNtB5_17MarkdownViewerApp11json_escape
FN:2804,_RNvMs4_NtCsj01YzKchgFg_8mdmdview3appNtB5_17MarkdownViewerApp12json_opt_f32
FN:2779,_RNvMs4_NtCsj01YzKchgFg_8mdmdview3appNtB5_17MarkdownViewerApp19color_image_to_rgba
FN:2736,_RNvMs4_NtCsj01YzKchgFg_8mdmdview3appNtB5_17MarkdownViewerApp19screenshot_metadata
FN:2439,_RNvMs4_NtCsj01YzKchgFg_8mdmdview3appNtB5_17MarkdownViewerApp20persist_window_state
FN:2490,_RNvMs4_NtCsj01YzKchgFg_8mdmdview3appNtB5_17MarkdownViewerApp20render_search_dialog
FN:2679,_RNvMs4_NtCsj01YzKchgFg_8mdmdview3appNtB5_17MarkdownViewerApp20screenshot_is_stable
FN:2539,_RNvMs4_NtCsj01YzKchgFg_8mdmdview3appNtB5_17MarkdownViewerApp20should_submit_search
FN:2466,_RNvMs4_NtCsj01YzKchgFg_8mdmdview3appNtB5_17MarkdownViewerApp21save_current_document
FN:2688,_RNvMs4_NtCsj01YzKchgFg_8mdmdview3appNtB5_17MarkdownViewerApp21save_screenshot_image
FN:2543,_RNvMs4_NtCsj01YzKchgFg_8mdmdview3appNtB5_17MarkdownViewerApp21update_search_results
FN:2410,_RNvMs4_NtCsj01YzKchgFg_8mdmdview3appNtB5_17MarkdownViewerApp23menu_text_with_mnemonic
FN:2613,_RNvMs4_NtCsj01YzKchgFg_8mdmdview3appNtB5_17MarkdownViewerApp23update_screenshot_state
FN:2583,_RNvMs4_NtCsj01YzKchgFg_8mdmdview3appNtB5_17MarkdownViewerApp24handle_screenshot_events
FN:2451,_RNvMs4_NtCsj01YzKchgFg_8mdmdview3appNtB5_17MarkdownViewerApp27should_persist_window_state
FN:126,_RNvMs_NtCsj01YzKchgFg_8mdmdview3appNtB4_16ScreenshotConfig13metadata_path
FN:49,_RNvNtCsj01YzKchgFg_8mdmdview3app20app_action_triggered
FN:59,_RNvNtCsj01YzKchgFg_8mdmdview3app21take_forced_open_path
FN:64,_RNvNtCsj01YzKchgFg_8mdmdview3app21take_forced_save_path
FN:69,_RNvNtCsj01YzKchgFg_8mdmdview3app22take_forced_load_error
FN:74,_RNvNtCsj01YzKchgFg_8mdmdview3app22take_forced_scan_error
FN:84,_RNvNtCsj01YzKchgFg_8mdmdview3app28take_forced_read_lossy_error
FN:79,_RNvNtCsj01YzKchgFg_8mdmdview3app28take_forced_scan_entry_error
FN:265,_RNvXs1_NtCsj01YzKchgFg_8mdmdview3appNtB5_18ScreenshotSnapshotINtNtCs3mF4h8B4xym_4core7convert4FromRNtB5_15ScreenshotStateE4from
FN:2396,_RNvXs3_NtCsj01YzKchgFg_8mdmdview3appNtB5_17MarkdownViewerAppNtNtCskiGSzROu9kc_6eframe3epi3App18auto_save_interval
FN:2400,_RNvXs3_NtCsj01YzKchgFg_8mdmdview3appNtB5_17MarkdownViewerAppNtNtCskiGSzROu9kc_6eframe3epi3App4save
FN:2392,_RNvXs3_NtCsj01YzKchgFg_8mdmdview3appNtB5_17MarkdownViewerAppNtNtCskiGSzROu9kc_6eframe3epi3App6update
FN:2814,_RNvXs5_NtCsj01YzKchgFg_8mdmdview3appNtB5_17MarkdownViewerAppNtNtCs3mF4h8B4xym_4core7default7Default7default
FNDA:167,_RINvMs2_NtCsj01YzKchgFg_8mdmdview3appNtB6_17MarkdownViewerApp18spawn_named_threadNCNvB2_17spawn_file_loader0EB8_
FNDA:2,_RNCNCNCNvMs2_NtCsj01YzKchgFg_8mdmdview3appNtBb_17MarkdownViewerApp11update_impls2_000Bd_
FNDA:34,_RNCNCNCNvMs2_NtCsj01YzKchgFg_8mdmdview3appNtBb_17MarkdownViewerApp17render_status_bar000Bd_
FNDA:2,_RNCNCNCNvMs2_NtCsj01YzKchgFg_8mdmdview3appNtBb_17MarkdownViewerApp19render_drag_overlay000Bd_
FNDA:8,_RNCNCNCNvMs4_NtCsj01YzKchgFg_8mdmdview3appNtBb_17MarkdownViewerApp20render_search_dialog000Bd_
FNDA:30,_RNCNCNvMs2_NtCsj01YzKchgFg_8mdmdview3appNtB9_17MarkdownViewerApp11update_impls2_00Bb_
FNDA:31,_RNCNCNvMs2_NtCsj01YzKchgFg_8mdmdview3appNtB9_17MarkdownViewerApp15render_menu_bar0s_0Bb_
FNDA:34,_RNCNCNvMs2_NtCsj01YzKchgFg_8mdmdview3appNtB9_17MarkdownViewerApp17render_status_bar00Bb_
FNDA:1,_RNCNCNvMs2_NtCsj01YzKchgFg_8mdmdview3appNtB9_17MarkdownViewerApp17spawn_file_loader00Bb_
FNDA:2,_RNCNCNvMs2_NtCsj01YzKchgFg_8mdmdview3appNtB9_17MarkdownViewerApp19render_drag_overlay00Bb_
FNDA:1,_RNCNCNvMs2_NtCsj01YzKchgFg_8mdmdview3appNtB9_17MarkdownViewerApp23handle_drag_drop_events00Bb_
FNDA:35,_RNCNCNvMs2_NtCsj01YzKchgFg_8mdmdview3appNtB9_17MarkdownViewerApp25render_file_menu_contents00Bb_
FNDA:35,_RNCNCNvMs2_NtCsj01YzKchgFg_8mdmdview3appNtB9_17MarkdownViewerApp25render_file_menu_contentss0_00Bb_
FNDA:35,_RNCNCNvMs2_NtCsj01YzKchgFg_8mdmdview3appNtB9_17MarkdownViewerApp25render_file_menu_contentss1_00Bb_
FNDA:35,_RNCNCNvMs2_NtCsj01YzKchgFg_8mdmdview3appNtB9_17MarkdownViewerApp25render_file_menu_contentss2_00Bb_
FNDA:35,_RNCNCNvMs2_NtCsj01YzKchgFg_8mdmdview3appNtB9_17MarkdownViewerApp25render_file_menu_contentss_00Bb_
FNDA:34,_RNCNCNvMs2_NtCsj01YzKchgFg_8mdmdview3appNtB9_17MarkdownViewerApp25render_view_menu_contents00Bb_
FNDA:34,_RNCNCNvMs2_NtCsj01YzKchgFg_8mdmdview3appNtB9_17MarkdownViewerApp25render_view_menu_contentss0_00Bb_
FNDA:34,_RNCNCNvMs2_NtCsj01YzKchgFg_8mdmdview3appNtB9_17MarkdownViewerApp25render_view_menu_contentss1_00Bb_
FNDA:34,_RNCNCNvMs2_NtCsj01YzKchgFg_8mdmdview3appNtB9_17MarkdownViewerApp25render_view_menu_contentss3_00Bb_
FNDA:34,_RNCNCNvMs2_NtCsj01YzKchgFg_8mdmdview3appNtB9_17MarkdownViewerApp25render_view_menu_contentss4_00Bb_
FNDA:34,_RNCNCNvMs2_NtCsj01YzKchgFg_8mdmdview3appNtB9_17MarkdownViewerApp25render_view_menu_contentss5_00Bb_
FNDA:3,_RNCNCNvMs2_NtCsj01YzKchgFg_8mdmdview3appNtB9_17MarkdownViewerApp25render_view_menu_contentss6_00Bb_
FNDA:34,_RNCNCNvMs2_NtCsj01YzKchgFg_8mdmdview3appNtB9_17MarkdownViewerApp25render_view_menu_contentss6_0s_0Bb_
FNDA:34,_RNCNCNvMs2_NtCsj01YzKchgFg_8mdmdview3appNtB9_17MarkdownViewerApp25render_view_menu_contentss_00Bb_
FNDA:8,_RNCNCNvMs4_NtCsj01YzKchgFg_8mdmdview3appNtB9_17MarkdownViewerApp20render_search_dialog00Bb_
FNDA:7,_RNCNCNvMs4_NtCsj01YzKchgFg_8mdmdview3appNtB9_17MarkdownViewerApp24handle_screenshot_events00Bb_
FNDA:1,_RNCNvMs2_NtCsj01YzKchgFg_8mdmdview3appNtB7_17MarkdownViewerApp11update_impls0_0B9_
FNDA:30,_RNCNvMs2_NtCsj01YzKchgFg_8mdmdview3appNtB7_17MarkdownViewerApp11update_impls2_0B9_
FNDA:30,_RNCNvMs2_NtCsj01YzKchgFg_8mdmdview3appNtB7_17MarkdownViewerApp11update_impls_0B9_
FNDA:2,_RNCNvMs2_NtCsj01YzKchgFg_8mdmdview3appNtB7_17MarkdownViewerApp15poll_file_loads0B9_
FNDA:2,_RNCNvMs2_NtCsj01YzKchgFg_8mdmdview3appNtB7_17MarkdownViewerApp15poll_file_loadss_0B9_
FNDA:31,_RNCNvMs2_NtCsj01YzKchgFg_8mdmdview3appNtB7_17MarkdownViewerApp15render_menu_bar0B9_
FNDA:53,_RNCNvMs2_NtCsj01YzKchgFg_8mdmdview3appNtB7_17MarkdownViewerApp16handle_shortcuts0B9_
FNDA:34,_RNCNvMs2_NtCsj01YzKchgFg_8mdmdview3appNtB7_17MarkdownViewerApp17render_status_bar0B9_
FNDA:166,_RNCNvMs2_NtCsj01YzKchgFg_8mdmdview3appNtB7_17MarkdownViewerApp17spawn_file_loader0B9_
FNDA:16,_RNCNvMs2_NtCsj01YzKchgFg_8mdmdview3appNtB7_17MarkdownViewerApp19load_sample_by_name0B9_
FNDA:2,_RNCNvMs2_NtCsj01YzKchgFg_8mdmdview3appNtB7_17MarkdownViewerApp19render_drag_overlay0B9_
FNDA:2,_RNCNvMs2_NtCsj01YzKchgFg_8mdmdview3appNtB7_17MarkdownViewerApp21move_raw_cursor_liness0_0B9_
FNDA:1,_RNCNvMs2_NtCsj01YzKchgFg_8mdmdview3appNtB7_17MarkdownViewerApp21move_raw_cursor_liness_0B9_
FNDA:29,_RNCNvMs2_NtCsj01YzKchgFg_8mdmdview3appNtB7_17MarkdownViewerApp23handle_drag_drop_events0B9_
FNDA:171,_RNCNvMs2_NtCsj01YzKchgFg_8mdmdview3appNtB7_17MarkdownViewerApp25load_welcome_from_samples0B9_
FNDA:35,_RNCNvMs2_NtCsj01YzKchgFg_8mdmdview3appNtB7_17MarkdownViewerApp25render_file_menu_contents0B9_
FNDA:35,_RNCNvMs2_NtCsj01YzKchgFg_8mdmdview3appNtB7_17MarkdownViewerApp25render_file_menu_contentss0_0B9_
FNDA:35,_RNCNvMs2_NtCsj01YzKchgFg_8mdmdview3appNtB7_17MarkdownViewerApp25render_file_menu_contentss1_0B9_
FNDA:35,_RNCNvMs2_NtCsj01YzKchgFg_8mdmdview3appNtB7_17MarkdownViewerApp25render_file_menu_contentss2_0B9_
FNDA:35,_RNCNvMs2_NtCsj01YzKchgFg_8mdmdview3appNtB7_17MarkdownViewerApp25render_file_menu_contentss_0B9_
FNDA:34,_RNCNvMs2_NtCsj01YzKchgFg_8mdmdview3appNtB7_17MarkdownViewerApp25render_help_menu_contents0B9_
FNDA:34,_RNCNvMs2_NtCsj01YzKchgFg_8mdmdview3appNtB7_17MarkdownViewerApp25render_help_menu_contentss_0B9_
FNDA:34,_RNCNvMs2_NtCsj01YzKchgFg_8mdmdview3appNtB7_17MarkdownViewerApp25render_view_menu_contents0B9_
FNDA:34,_RNCNvMs2_NtCsj01YzKchgFg_8mdmdview3appNtB7_17MarkdownViewerApp25render_view_menu_contentss0_0B9_
FNDA:34,_RNCNvMs2_NtCsj01YzKchgFg_8mdmdview3appNtB7_17MarkdownViewerApp25render_view_menu_contentss1_0B9_
FNDA:34,_RNCNvMs2_NtCsj01YzKchgFg_8mdmdview3appNtB7_17MarkdownViewerApp25render_view_menu_contentss2_0B9_
FNDA:34,_RNCNvMs2_NtCsj01YzKchgFg_8mdmdview3appNtB7_17MarkdownViewerApp25render_view_menu_contentss3_0B9_
FNDA:34,_RNCNvMs2_NtCsj01YzKchgFg_8mdmdview3appNtB7_17MarkdownViewerApp25render_view_menu_contentss4_0B9_
FNDA:34,_RNCNvMs2_NtCsj01YzKchgFg_8mdmdview3appNtB7_17MarkdownViewerApp25render_view_menu_contentss5_0B9_
FNDA:34,_RNCNvMs2_NtCsj01YzKchgFg_8mdmdview3appNtB7_17MarkdownViewerApp25render_view_menu_contentss6_0B9_
FNDA:34,_RNCNvMs2_NtCsj01YzKchgFg_8mdmdview3appNtB7_17MarkdownViewerApp25render_view_menu_contentss_0B9_
FNDA:23,_RNCNvMs2_NtCsj01YzKchgFg_8mdmdview3appNtB7_17MarkdownViewerApp9load_file0B9_
FNDA:22,_RNCNvMs2_NtCsj01YzKchgFg_8mdmdview3appNtB7_17MarkdownViewerApp9load_files0_0B9_
FNDA:22,_RNCNvMs2_NtCsj01YzKchgFg_8mdmdview3appNtB7_17MarkdownViewerApp9load_files1_0B9_
FNDA:22,_RNCNvMs2_NtCsj01YzKchgFg_8mdmdview3appNtB7_17MarkdownViewerApp9load_files_0B9_
FNDA:3,_RNCNvMs4_NtCsj01YzKchgFg_8mdmdview3appNtB7_17MarkdownViewerApp12json_opt_f320B9_
FNDA:23,_RNCNvMs4_NtCsj01YzKchgFg_8mdmdview3appNtB7_17MarkdownViewerApp12json_opt_f32s_0B9_
FNDA:1,_RNCNvMs4_NtCsj01YzKchgFg_8mdmdview3appNtB7_17MarkdownViewerApp19color_image_to_rgba0B9_
FNDA:1,_RNCNvMs4_NtCsj01YzKchgFg_8mdmdview3appNtB7_17MarkdownViewerApp19screenshot_metadata0B9_
FNDA:11,_RNCNvMs4_NtCsj01YzKchgFg_8mdmdview3appNtB7_17MarkdownViewerApp19screenshot_metadatas_0B9_
FNDA:8,_RNCNvMs4_NtCsj01YzKchgFg_8mdmdview3appNtB7_17MarkdownViewerApp20render_search_dialog0B9_
FNDA:3,_RNCNvMs4_NtCsj01YzKchgFg_8mdmdview3appNtB7_17MarkdownViewerApp21save_current_document0B9_
FNDA:3,_RNCNvMs4_NtCsj01YzKchgFg_8mdmdview3appNtB7_17MarkdownViewerApp21save_current_documents_0B9_
FNDA:7,_RNCNvMs4_NtCsj01YzKchgFg_8mdmdview3appNtB7_17MarkdownViewerApp23update_screenshot_state0B9_
FNDA:35,_RNCNvMs4_NtCsj01YzKchgFg_8mdmdview3appNtB7_17MarkdownViewerApp24handle_screenshot_events0B9_
FNDA:974,_RNCNvNtCsj01YzKchgFg_8mdmdview3app20app_action_triggered0B5_
FNDA:8,_RNCNvNtCsj01YzKchgFg_8mdmdview3app21take_forced_open_path0B5_
FNDA:6,_RNCNvNtCsj01YzKchgFg_8mdmdview3app21take_forced_save_path0B5_
FNDA:27,_RNCNvNtCsj01YzKchgFg_8mdmdview3app22take_forced_load_error0B5_
FNDA:8,_RNCNvNtCsj01YzKchgFg_8mdmdview3app22take_forced_scan_error0B5_
FNDA:3,_RNCNvNtCsj01YzKchgFg_8mdmdview3app28take_forced_read_lossy_error0B5_
FNDA:10,_RNCNvNtCsj01YzKchgFg_8mdmdview3app28take_forced_scan_entry_error0B5_
FNDA:14,_RNvMNtCsj01YzKchgFg_8mdmdview3appNtB2_15ScreenshotTheme6as_str
FNDA:9,_RNvMs0_NtCsj01YzKchgFg_8mdmdview3appNtB5_15ScreenshotState12scroll_ready
FNDA:6,_RNvMs0_NtCsj01YzKchgFg_8mdmdview3appNtB5_15ScreenshotState13record_scroll
FNDA:9,_RNvMs0_NtCsj01YzKchgFg_8mdmdview3appNtB5_15ScreenshotState16update_stability
FNDA:14,_RNvMs0_NtCsj01YzKchgFg_8mdmdview3appNtB5_15ScreenshotState3new
FNDA:27,_RNvMs2_NtCsj01YzKchgFg_8mdmdview3appNtB5_17MarkdownViewerApp11load_sample
FNDA:31,_RNvMs2_NtCsj01YzKchgFg_8mdmdview3appNtB5_17MarkdownViewerApp11update_impl
FNDA:234,_RNvMs2_NtCsj01YzKchgFg_8mdmdview3appNtB5_17MarkdownViewerApp12load_content
FNDA:48,_RNvMs2_NtCsj01YzKchgFg_8mdmdview3appNtB5_17MarkdownViewerApp12push_history
FNDA:6,_RNvMs2_NtCsj01YzKchgFg_8mdmdview3appNtB5_17MarkdownViewerApp13find_previous
FNDA:4,_RNvMs2_NtCsj01YzKchgFg_8mdmdview3appNtB5_17MarkdownViewerApp13navigate_back
FNDA:2,_RNvMs2_NtCsj01YzKchgFg_8mdmdview3appNtB5_17MarkdownViewerApp13request_close
FNDA:8,_RNvMs2_NtCsj01YzKchgFg_8mdmdview3appNtB5_17MarkdownViewerApp14pick_open_path
FNDA:6,_RNvMs2_NtCsj01YzKchgFg_8mdmdview3appNtB5_17MarkdownViewerApp14pick_save_path
FNDA:4,_RNvMs2_NtCsj01YzKchgFg_8mdmdview3appNtB5_17MarkdownViewerApp14request_reload
FNDA:8,_RNvMs2_NtCsj01YzKchgFg_8mdmdview3appNtB5_17MarkdownViewerApp14scan_directory
FNDA:1,_RNvMs2_NtCsj01YzKchgFg_8mdmdview3appNtB5_17MarkdownViewerApp14set_zoom_scale
FNDA:39,_RNvMs2_NtCsj01YzKchgFg_8mdmdview3appNtB5_17MarkdownViewerApp15fold_for_search
FNDA:35,_RNvMs2_NtCsj01YzKchgFg_8mdmdview3appNtB5_17MarkdownViewerApp15poll_file_loads
FNDA:28,_RNvMs2_NtCsj01YzKchgFg_8mdmdview3appNtB5_17MarkdownViewerApp15read_file_lossy
FNDA:31,_RNvMs2_NtCsj01YzKchgFg_8mdmdview3appNtB5_17MarkdownViewerApp15render_menu_bar
FNDA:16,_RNvMs2_NtCsj01YzKchgFg_8mdmdview3appNtB5_17MarkdownViewerApp16handle_file_drop
FNDA:53,_RNvMs2_NtCsj01YzKchgFg_8mdmdview3appNtB5_17MarkdownViewerApp16handle_shortcuts
FNDA:7,_RNvMs2_NtCsj01YzKchgFg_8mdmdview3appNtB5_17MarkdownViewerApp16navigate_forward
FNDA:8,_RNvMs2_NtCsj01YzKchgFg_8mdmdview3appNtB5_17MarkdownViewerApp16open_file_dialog
FNDA:3,_RNvMs2_NtCsj01YzKchgFg_8mdmdview3appNtB5_17MarkdownViewerApp16read_lossy_bytes
FNDA:9,_RNvMs2_NtCsj01YzKchgFg_8mdmdview3appNtB5_17MarkdownViewerApp16toggle_view_mode
FNDA:34,_RNvMs2_NtCsj01YzKchgFg_8mdmdview3appNtB5_17MarkdownViewerApp17can_navigate_back
FNDA:34,_RNvMs2_NtCsj01YzKchgFg_8mdmdview3appNtB5_17MarkdownViewerApp17render_status_bar
FNDA:167,_RNvMs2_NtCsj01YzKchgFg_8mdmdview3appNtB5_17MarkdownViewerApp17spawn_file_loader
FNDA:10,_RNvMs2_NtCsj01YzKchgFg_8mdmdview3appNtB5_17MarkdownViewerApp17toggle_write_mode
FNDA:3,_RNvMs2_NtCsj01YzKchgFg_8mdmdview3appNtB5_17MarkdownViewerApp18clear_search_state
FNDA:6,_RNvMs2_NtCsj01YzKchgFg_8mdmdview3appNtB5_17MarkdownViewerApp18close_current_file
FNDA:10,_RNvMs2_NtCsj01YzKchgFg_8mdmdview3appNtB5_17MarkdownViewerApp18resolve_scan_entry
FNDA:8,_RNvMs2_NtCsj01YzKchgFg_8mdmdview3appNtB5_17MarkdownViewerApp19load_sample_by_name
FNDA:4,_RNvMs2_NtCsj01YzKchgFg_8mdmdview3appNtB5_17MarkdownViewerApp19reload_current_file
FNDA:30,_RNvMs2_NtCsj01YzKchgFg_8mdmdview3appNtB5_17MarkdownViewerApp19render_drag_overlay
FNDA:3,_RNvMs2_NtCsj01YzKchgFg_8mdmdview3appNtB5_17MarkdownViewerApp19set_screenshot_mode
FNDA:35,_RNvMs2_NtCsj01YzKchgFg_8mdmdview3appNtB5_17MarkdownViewerApp20can_navigate_forward
FNDA:11,_RNvMs2_NtCsj01YzKchgFg_8mdmdview3appNtB5_17MarkdownViewerApp20current_window_state
FNDA:8,_RNvMs2_NtCsj01YzKchgFg_8mdmdview3appNtB5_17MarkdownViewerApp20restore_from_history
FNDA:12,_RNvMs2_NtCsj01YzKchgFg_8mdmdview3appNtB5_17MarkdownViewerApp20window_state_changed
FNDA:15,_RNvMs2_NtCsj01YzKchgFg_8mdmdview3appNtB5_17MarkdownViewerApp21move_raw_cursor_lines
FNDA:36,_RNvMs2_NtCsj01YzKchgFg_8mdmdview3appNtB5_17MarkdownViewerApp21render_status_tooltip
FNDA:143,_RNvMs2_NtCsj01YzKchgFg_8mdmdview3appNtB5_17MarkdownViewerApp22is_valid_markdown_file
FNDA:32,_RNvMs2_NtCsj01YzKchgFg_8mdmdview3appNtB5_17MarkdownViewerApp22normalize_line_endings
FNDA:29,_RNvMs2_NtCsj01YzKchgFg_8mdmdview3appNtB5_17MarkdownViewerApp23handle_drag_drop_events
FNDA:2,_RNvMs2_NtCsj01YzKchgFg_8mdmdview3appNtB5_17MarkdownViewerApp24render_main_context_menu
FNDA:41,_RNvMs2_NtCsj01YzKchgFg_8mdmdview3appNtB5_17MarkdownViewerApp25compute_window_adjustment
FNDA:172,_RNvMs2_NtCsj01YzKchgFg_8mdmdview3appNtB5_17MarkdownViewerApp25load_welcome_from_samples
FNDA:35,_RNvMs2_NtCsj01YzKchgFg_8mdmdview3appNtB5_17MarkdownViewerApp25render_file_menu_contents
FNDA:34,_RNvMs2_NtCsj01YzKchgFg_8mdmdview3appNtB5_17MarkdownViewerApp25render_help_menu_contents
FNDA:34,_RNvMs2_NtCsj01YzKchgFg_8mdmdview3appNtB5_17MarkdownViewerApp25render_view_menu_contents
FNDA:38,_RNvMs2_NtCsj01YzKchgFg_8mdmdview3appNtB5_17MarkdownViewerApp28render_samples_menu_contents
FNDA:1,_RNvMs2_NtCsj01YzKchgFg_8mdmdview3appNtB5_17MarkdownViewerApp33force_thread_spawn_error_for_test
FNDA:164,_RNvMs2_NtCsj01YzKchgFg_8mdmdview3appNtB5_17MarkdownViewerApp3new
FNDA:6,_RNvMs2_NtCsj01YzKchgFg_8mdmdview3appNtB5_17MarkdownViewerApp9find_next
FNDA:27,_RNvMs2_NtCsj01YzKchgFg_8mdmdview3appNtB5_17MarkdownViewerApp9load_file
FNDA:14,_RNvMs4_NtCsj01YzKchgFg_8mdmdview3appNtB5_17MarkdownViewerApp11json_escape
FNDA:26,_RNvMs4_NtCsj01YzKchgFg_8mdmdview3appNtB5_17MarkdownViewerApp12json_opt_f32
FNDA:16,_RNvMs4_NtCsj01YzKchgFg_8mdmdview3appNtB5_17MarkdownViewerApp19color_image_to_rgba
FNDA:12,_RNvMs4_NtCsj01YzKchgFg_8mdmdview3appNtB5_17MarkdownViewerApp19screenshot_metadata
FNDA:6,_RNvMs4_NtCsj01YzKchgFg_8mdmdview3appNtB5_17MarkdownViewerApp20persist_window_state
FNDA:35,_RNvMs4_NtCsj01YzKchgFg_8mdmdview3appNtB5_17MarkdownViewerApp20render_search_dialog
FNDA:11,_RNvMs4_NtCsj01YzKchgFg_8mdmdview3appNtB5_17MarkdownViewerApp20screenshot_is_stable
FNDA:11,_RNvMs4_NtCsj01YzKchgFg_8mdmdview3appNtB5_17MarkdownViewerApp20should_submit_search
FNDA:11,_RNvMs4_NtCsj01YzKchgFg_8mdmdview3appNtB5_17MarkdownViewerApp21save_current_document
FNDA:15,_RNvMs4_NtCsj01YzKchgFg_8mdmdview3appNtB5_17MarkdownViewerApp21save_screenshot_image
FNDA:12,_RNvMs4_NtCsj01YzKchgFg_8mdmdview3appNtB5_17MarkdownViewerApp21update_search_results
FNDA:484,_RNvMs4_NtCsj01YzKchgFg_8mdmdview3appNtB5_17MarkdownViewerApp23menu_text_with_mnemonic
FNDA:36,_RNvMs4_NtCsj01YzKchgFg_8mdmdview3appNtB5_17MarkdownViewerApp23update_screenshot_state
FNDA:35,_RNvMs4_NtCsj01YzKchgFg_8mdmdview3appNtB5_17MarkdownViewerApp24handle_screenshot_events
FNDA:34,_RNvMs4_NtCsj01YzKchgFg_8mdmdview3appNtB5_17MarkdownViewerApp27should_persist_window_state
FNDA:13,_RNvMs_NtCsj01YzKchgFg_8mdmdview3appNtB4_16ScreenshotConfig13metadata_path
FNDA:975,_RNvNtCsj01YzKchgFg_8mdmdview3app20app_action_triggered
FNDA:8,_RNvNtCsj01YzKchgFg_8mdmdview3app21take_forced_open_path
FNDA:6,_RNvNtCsj01YzKchgFg_8mdmdview3app21take_forced_save_path
FNDA:27,_RNvNtCsj01YzKchgFg_8mdmdview3app22take_forced_load_error
FNDA:8,_RNvNtCsj01YzKchgFg_8mdmdview3app22take_forced_scan_error
FNDA:3,_RNvNtCsj01YzKchgFg_8mdmdview3app28take_forced_read_lossy_error
FNDA:10,_RNvNtCsj01YzKchgFg_8mdmdview3app28take_forced_scan_entry_error
FNDA:2,_RNvXs1_NtCsj01YzKchgFg_8mdmdview3appNtB5_18ScreenshotSnapshotINtNtCs3mF4h8B4xym_4core7convert4FromRNtB5_15ScreenshotStateE4from
FNDA:1,_RNvXs3_NtCsj01YzKchgFg_8mdmdview3appNtB5_17MarkdownViewerAppNtNtCskiGSzROu9kc_6eframe3epi3App18auto_save_interval
FNDA:2,_RNvXs3_NtCsj01YzKchgFg_8mdmdview3appNtB5_17MarkdownViewerAppNtNtCskiGSzROu9kc_6eframe3epi3App4save
FNDA:1,_RNvXs3_NtCsj01YzKchgFg_8mdmdview3appNtB5_17MarkdownViewerAppNtNtCskiGSzROu9kc_6eframe3epi3App6update
FNDA:1,_RNvXs5_NtCsj01YzKchgFg_8mdmdview3appNtB5_17MarkdownViewerAppNtNtCs3mF4h8B4xym_4core7default7Default7default
FNF:165
FNH:165
DA:49,975
DA:50,975
DA:51,975
DA:59,8
DA:60,8
DA:61,8
DA:64,6
DA:65,6
DA:66,6
DA:69,27
DA:70,27
DA:71,27
DA:74,8
DA:75,8
DA:76,8
DA:79,10
DA:80,10
DA:81,10
DA:84,3
DA:85,3
DA:86,3
DA:103,14
DA:104,14
DA:105,11
DA:106,3
DA:108,14
DA:126,13
DA:127,13
DA:128,13
DA:192,14
DA:193,14
DA:194,14
DA:195,14
DA:196,14
DA:197,14
DA:198,14
DA:199,14
DA:200,14
DA:201,14
DA:202,14
DA:203,14
DA:204,14
DA:205,14
DA:206,14
DA:207,14
DA:208,14
DA:209,14
DA:210,14
DA:212,6
DA:213,6
DA:214,6
DA:215,6
DA:217,6
DA:218,3
DA:219,2
DA:220,2
DA:221,2
DA:222,1
DA:223,3
DA:224,4
DA:225,6
DA:227,9
DA:229,9
DA:230,9
DA:231,9
DA:233,3
DA:234,3
DA:235,3
DA:237,9
DA:239,9
DA:240,9
DA:241,9
DA:242,5
DA:243,4
DA:244,4
DA:245,5
DA:246,4
DA:247,4
DA:248,4
DA:250,9
DA:251,4
DA:252,1
DA:253,3
DA:254,5
DA:256,9
DA:257,8
DA:258,8
DA:259,1
DA:260,1
DA:261,9
DA:265,2
DA:266,2
DA:267,2
DA:268,2
DA:269,2
DA:270,2
DA:271,2
DA:272,2
DA:273,2
DA:274,2
DA:275,2
DA:276,2
DA:374,10
DA:375,10
DA:377,5
DA:378,4
DA:379,4
DA:380,3
DA:381,2
DA:382,2
DA:383,1
DA:384,1
DA:385,5
DA:388,5
DA:389,5
DA:390,4
DA:391,4
DA:393,10
DA:395,15
DA:396,15
DA:397,3
DA:398,12
DA:399,12
DA:400,12
DA:401,11
DA:402,11
DA:403,11
DA:404,11
DA:405,11
DA:406,11
DA:408,11
DA:409,11
DA:411,3
DA:413,3
DA:414,6
DA:415,3
DA:416,1
DA:417,2
DA:418,2
DA:419,2
DA:420,3
DA:424,7
DA:426,7
DA:427,5
DA:428,5
DA:429,5
DA:430,10
DA:431,3
DA:432,1
DA:433,2
DA:434,2
DA:435,2
DA:436,3
DA:439,1
DA:441,11
DA:442,11
DA:443,11
DA:444,11
DA:445,11
DA:446,1
DA:447,15
DA:448,3
DA:449,3
DA:450,3
DA:451,3
DA:452,3
DA:453,3
DA:454,3
DA:455,6
DA:456,6
DA:457,1
DA:458,5
DA:459,5
DA:460,4
DA:461,4
DA:463,1
DA:465,5
DA:466,5
DA:467,4
DA:468,4
DA:469,1
DA:470,1
DA:472,5
DA:473,6
DA:474,6
DA:475,5
DA:477,1
DA:479,9
DA:480,8
DA:481,8
DA:483,8
DA:484,5
DA:485,5
DA:486,5
DA:487,3
DA:490,6
DA:492,6
DA:493,6
DA:494,1
DA:495,5
DA:496,5
DA:497,4
DA:498,4
DA:500,1
DA:502,5
DA:503,5
DA:504,5
DA:505,3
DA:506,3
DA:507,2
DA:508,2
DA:510,6
DA:511,6
DA:512,5
DA:514,1
DA:516,10
DA:517,9
DA:518,9
DA:520,9
DA:521,5
DA:522,5
DA:523,5
DA:524,4
DA:527,6
DA:529,164
DA:530,164
DA:531,164
DA:532,164
DA:533,164
DA:534,164
DA:535,164
DA:536,164
DA:537,164
DA:538,164
DA:539,164
DA:540,164
DA:541,164
DA:542,164
DA:543,164
DA:544,164
DA:545,164
DA:546,164
DA:547,164
DA:548,164
DA:549,164
DA:550,164
DA:551,164
DA:552,164
DA:553,164
DA:554,164
DA:555,164
DA:556,164
DA:557,164
DA:558,164
DA:559,164
DA:560,164
DA:561,164
DA:562,164
DA:563,164
DA:564,164
DA:565,164
DA:566,164
DA:567,164
DA:568,164
DA:569,164
DA:570,164
DA:571,164
DA:572,164
DA:574,164
DA:576,164
DA:577,164
DA:579,1
DA:580,1
DA:581,1
DA:583,3
DA:584,3
DA:585,3
DA:586,3
DA:587,3
DA:588,3
DA:589,3
DA:590,3
DA:593,143
DA:594,143
DA:595,142
DA:596,142
DA:598,1
DA:600,143
DA:603,16
DA:604,16
DA:605,1
DA:606,15
DA:608,15
DA:609,15
DA:612,147
DA:613,132
DA:614,3
DA:615,3
DA:616,129
DA:618,129
DA:620,4
DA:621,3
DA:622,3
DA:623,2
DA:624,2
DA:625,2
DA:626,2
DA:627,2
DA:628,1
DA:629,1
DA:631,1
DA:632,1
DA:633,1
DA:635,4
DA:636,125
DA:638,125
DA:639,3
DA:640,3
DA:641,3
DA:643,3
DA:644,122
DA:646,122
DA:651,15
DA:652,2
DA:653,2
DA:654,2
DA:655,2
DA:656,2
DA:657,2
DA:658,2
DA:659,13
DA:662,13
DA:664,7
DA:665,7
DA:666,1
DA:667,1
DA:668,6
DA:671,6
DA:674,6
DA:675,3
DA:676,3
DA:677,3
DA:678,3
DA:679,3
DA:680,6
DA:683,12
DA:684,8
DA:685,7
DA:687,1
DA:689,8
DA:690,6
DA:691,2
DA:693,1
DA:696,1
DA:697,1
DA:699,1
DA:700,1
DA:703,8
DA:704,4
DA:705,16
DA:708,10
DA:710,10
DA:711,1
DA:712,9
DA:713,9
DA:714,10
DA:717,8
DA:719,8
DA:720,1
DA:721,7
DA:723,7
DA:725,7
DA:727,14
DA:728,9
DA:729,8
DA:732,8
DA:733,6
DA:734,6
DA:738,5
DA:740,5
DA:741,8
DA:744,234
DA:745,234
DA:746,234
DA:747,234
DA:748,234
DA:749,234
DA:751,234
DA:752,234
DA:754,234
DA:755,233
DA:756,233
DA:757,233
DA:758,232
DA:759,232
DA:761,1
DA:762,1
DA:763,1
DA:764,1
DA:766,234
DA:769,27
DA:771,27
DA:772,3
DA:773,24
DA:776,24
DA:777,18
DA:778,18
DA:780,24
DA:781,24
DA:782,23
DA:783,24
DA:784,2
DA:785,2
DA:786,2
DA:787,2
DA:788,2
DA:789,2
DA:790,2
DA:791,1
DA:792,1
DA:793,1
DA:794,22
DA:796,23
DA:797,22
DA:798,22
DA:799,22
DA:800,22
DA:801,22
DA:803,22
DA:804,22
DA:805,22
DA:806,22
DA:807,22
DA:808,1
DA:809,21
DA:810,22
DA:811,27
DA:815,32
DA:817,32
DA:818,32
DA:819,1
DA:821,31
DA:823,32
DA:825,3
DA:827,3
DA:828,1
DA:829,1
DA:830,1
DA:831,1
DA:832,2
DA:833,2
DA:834,3
DA:836,28
DA:837,28
DA:838,23
DA:839,5
DA:840,3
DA:841,2
DA:842,2
DA:844,2
DA:846,28
DA:848,167
DA:849,167
DA:850,167
DA:851,167
DA:853,167
DA:854,1
DA:855,1
DA:856,1
DA:857,1
DA:858,166
DA:859,166
DA:860,167
DA:863,1
DA:864,1
DA:865,1
DA:867,167
DA:868,167
DA:869,167
DA:870,167
DA:871,166
DA:872,3
DA:873,3
DA:874,3
DA:875,3
DA:876,3
DA:877,3
DA:879,166
DA:880,1
DA:881,166
DA:882,167
DA:883,167
DA:885,35
DA:886,39
DA:887,4
DA:888,4
DA:889,1
DA:891,3
DA:892,3
DA:893,2
DA:894,2
DA:895,2
DA:896,2
DA:897,2
DA:898,2
DA:899,2
DA:900,2
DA:901,2
DA:902,2
DA:903,2
DA:904,2
DA:905,1
DA:906,1
DA:908,1
DA:909,1
DA:910,1
DA:913,35
DA:915,11
DA:916,11
DA:917,9
DA:918,8
DA:919,8
DA:920,8
DA:921,8
DA:922,8
DA:923,11
DA:925,41
DA:926,41
DA:927,41
DA:928,41
DA:929,41
DA:930,41
DA:931,15
DA:932,15
DA:934,14
DA:935,2
DA:936,12
DA:942,12
DA:943,12
DA:944,12
DA:945,12
DA:947,12
DA:948,3
DA:949,3
DA:950,9
DA:951,12
DA:952,2
DA:953,2
DA:954,10
DA:956,12
DA:957,12
DA:958,12
DA:959,12
DA:960,12
DA:963,12
DA:964,12
DA:966,12
DA:967,3
DA:968,3
DA:969,9
DA:970,12
DA:971,3
DA:972,3
DA:973,9
DA:974,12
DA:975,1
DA:976,1
DA:977,11
DA:978,12
DA:979,1
DA:980,1
DA:981,11
DA:983,12
DA:984,12
DA:985,12
DA:986,12
DA:989,12
DA:990,1
DA:991,1
DA:992,11
DA:993,12
DA:994,2
DA:995,2
DA:996,10
DA:997,12
DA:998,2
DA:999,2
DA:1000,10
DA:1001,12
DA:1002,2
DA:1003,2
DA:1004,10
DA:1006,12
DA:1007,10
DA:1008,10
DA:1009,10
DA:1010,10
DA:1011,10
DA:1012,10
DA:1014,2
DA:1016,41
DA:1018,12
DA:1019,12
DA:1020,5
DA:1021,5
DA:1022,4
DA:1023,5
DA:1024,4
DA:1025,5
DA:1026,5
DA:1028,7
DA:1030,12
DA:1032,39
DA:1033,39
DA:1034,39
DA:1037,48
DA:1039,48
DA:1040,2
DA:1041,46
DA:1044,48
DA:1045,48
DA:1046,48
DA:1047,48
DA:1048,48
DA:1050,48
DA:1053,48
DA:1054,1
DA:1055,47
DA:1056,47
DA:1057,47
DA:1058,48
DA:1061,4
DA:1062,4
DA:1063,3
DA:1064,3
DA:1065,3
DA:1067,1
DA:1069,4
DA:1072,7
DA:1074,7
DA:1076,2
DA:1077,1
DA:1078,1
DA:1079,2
DA:1080,5
DA:1083,5
DA:1084,2
DA:1085,2
DA:1086,2
DA:1088,3
DA:1090,7
DA:1093,8
DA:1094,8
DA:1095,7
DA:1096,7
DA:1097,7
DA:1098,7
DA:1101,7
DA:1102,6
DA:1103,6
DA:1104,6
DA:1105,6
DA:1106,1
DA:1107,1
DA:1108,1
DA:1112,7
DA:1113,1
DA:1114,6
DA:1115,6
DA:1116,6
DA:1119,7
DA:1120,1
DA:1121,8
DA:1124,34
DA:1125,34
DA:1126,34
DA:1129,35
DA:1130,35
DA:1131,35
DA:1134,4
DA:1135,4
DA:1136,1
DA:1137,3
DA:1138,3
DA:1139,3
DA:1140,4
DA:1143,4
DA:1144,4
DA:1145,2
DA:1147,2
DA:1149,2
DA:1150,4
DA:1153,27
DA:1155,27
DA:1156,26
DA:1157,26
DA:1159,27
DA:1161,27
DA:1162,27
DA:1164,27
DA:1165,27
DA:1167,8
DA:1168,16
DA:1169,7
DA:1170,7
DA:1171,1
DA:1172,1
DA:1173,8
DA:1175,172
DA:1176,172
DA:1177,171
DA:1178,171
DA:1179,7
DA:1180,164
DA:1181,1
DA:1182,1
DA:1183,1
DA:1184,1
DA:1185,1
DA:1186,1
DA:1187,1
DA:1188,172
DA:1191,6
DA:1192,6
DA:1193,6
DA:1194,6
DA:1195,6
DA:1203,2
DA:1215,8
DA:1216,8
DA:1217,8
DA:1228,6
DA:1229,6
DA:1230,6
DA:1233,8
DA:1234,8
DA:1235,5
DA:1236,1
DA:1237,4
DA:1238,3
DA:1239,8
DA:1242,9
DA:1244,9
DA:1245,4
DA:1246,4
DA:1247,2
DA:1248,1
DA:1249,1
DA:1250,2
DA:1251,5
DA:1252,9
DA:1254,4
DA:1255,4
DA:1257,5
DA:1259,9
DA:1262,53
DA:1263,53
DA:1264,53
DA:1266,53
DA:1267,53
DA:1268,53
DA:1269,53
DA:1270,1
DA:1271,52
DA:1274,53
DA:1275,53
DA:1276,53
DA:1277,53
DA:1278,1
DA:1279,52
DA:1280,53
DA:1281,53
DA:1282,53
DA:1283,53
DA:1284,1
DA:1285,52
DA:1286,53
DA:1287,53
DA:1288,53
DA:1289,53
DA:1290,1
DA:1291,52
DA:1294,53
DA:1295,53
DA:1296,53
DA:1297,53
DA:1298,1
DA:1299,52
DA:1302,53
DA:1303,53
DA:1304,53
DA:1305,53
DA:1306,1
DA:1307,52
DA:1310,53
DA:1311,53
DA:1312,53
DA:1313,53
DA:1314,3
DA:1315,3
DA:1316,2
DA:1317,2
DA:1318,3
DA:1319,50
DA:1322,53
DA:1323,53
DA:1324,53
DA:1325,53
DA:1326,53
DA:1327,53
DA:1328,53
DA:1329,53
DA:1330,53
DA:1331,3
DA:1332,50
DA:1333,1
DA:1334,49
DA:1337,53
DA:1338,53
DA:1339,53
DA:1340,53
DA:1341,1
DA:1342,52
DA:1345,53
DA:1346,53
DA:1347,53
DA:1348,53
DA:1349,1
DA:1350,52
DA:1353,53
DA:1354,53
DA:1355,53
DA:1356,53
DA:1357,1
DA:1358,52
DA:1361,53
DA:1362,53
DA:1363,53
DA:1364,53
DA:1365,1
DA:1366,52
DA:1369,53
DA:1370,53
DA:1371,53
DA:1372,53
DA:1373,1
DA:1374,52
DA:1377,53
DA:1378,6
DA:1379,11
DA:1380,5
DA:1381,4
DA:1382,4
DA:1384,6
DA:1385,4
DA:1386,2
DA:1387,2
DA:1388,2
DA:1389,2
DA:1390,2
DA:1391,47
DA:1394,53
DA:1395,53
DA:1396,53
DA:1397,53
DA:1398,1
DA:1399,1
DA:1400,52
DA:1402,53
DA:1403,53
DA:1404,53
DA:1405,53
DA:1406,1
DA:1407,52
DA:1409,53
DA:1410,53
DA:1411,53
DA:1412,53
DA:1413,2
DA:1414,1
DA:1415,1
DA:1416,51
DA:1420,53
DA:1421,1
DA:1422,52
DA:1425,53
DA:1426,1
DA:1427,52
DA:1430,53
DA:1431,1
DA:1432,1
DA:1433,52
DA:1436,53
DA:1437,45
DA:1438,1
DA:1439,44
DA:1440,45
DA:1441,1
DA:1442,44
DA:1444,45
DA:1445,1
DA:1446,44
DA:1449,45
DA:1450,1
DA:1451,44
DA:1454,45
DA:1455,1
DA:1456,44
DA:1459,45
DA:1460,1
DA:1461,44
DA:1465,8
DA:1466,1
DA:1467,1
DA:1468,7
DA:1469,8
DA:1470,1
DA:1471,1
DA:1472,7
DA:1474,53
DA:1475,53
DA:1477,35
DA:1478,35
DA:1479,35
DA:1480,35
DA:1481,35
DA:1482,35
DA:1483,35
DA:1484,35
DA:1485,35
DA:1486,35
DA:1487,35
DA:1488,35
DA:1489,35
DA:1490,35
DA:1491,35
DA:1492,35
DA:1493,35
DA:1494,3
DA:1495,3
DA:1496,32
DA:1497,35
DA:1498,35
DA:1499,35
DA:1500,35
DA:1502,35
DA:1503,35
DA:1504,35
DA:1505,35
DA:1506,35
DA:1507,35
DA:1508,35
DA:1510,35
DA:1511,35
DA:1514,35
DA:1515,4
DA:1516,1
DA:1517,3
DA:1518,4
DA:1519,31
DA:1520,35
DA:1521,35
DA:1522,35
DA:1523,35
DA:1525,35
DA:1526,35
DA:1527,35
DA:1528,35
DA:1529,35
DA:1530,35
DA:1531,35
DA:1532,35
DA:1533,35
DA:1534,35
DA:1535,35
DA:1536,3
DA:1537,3
DA:1538,32
DA:1539,35
DA:1540,35
DA:1541,35
DA:1542,35
DA:1544,35
DA:1545,35
DA:1546,35
DA:1547,35
DA:1548,35
DA:1549,35
DA:1550,35
DA:1552,35
DA:1553,35
DA:1556,35
DA:1557,3
DA:1558,3
DA:1559,32
DA:1560,35
DA:1561,35
DA:1562,35
DA:1563,35
DA:1565,35
DA:1566,35
DA:1567,35
DA:1568,35
DA:1569,35
DA:1570,35
DA:1571,35
DA:1572,35
DA:1573,35
DA:1574,35
DA:1575,35
DA:1576,3
DA:1577,3
DA:1578,3
DA:1579,32
DA:1580,35
DA:1581,35
DA:1582,35
DA:1583,35
DA:1585,35
DA:1595,35
DA:1596,35
DA:1597,3
DA:1598,32
DA:1599,35
DA:1601,38
DA:1602,266
DA:1603,228
DA:1604,12
DA:1605,12
DA:1606,216
DA:1608,38
DA:1610,34
DA:1611,34
DA:1612,34
DA:1613,34
DA:1614,34
DA:1615,34
DA:1616,34
DA:1617,34
DA:1618,34
DA:1619,34
DA:1620,34
DA:1621,34
DA:1622,34
DA:1623,3
DA:1624,3
DA:1625,31
DA:1626,34
DA:1627,34
DA:1628,34
DA:1629,34
DA:1631,34
DA:1632,34
DA:1633,34
DA:1634,34
DA:1635,34
DA:1636,34
DA:1637,3
DA:1638,3
DA:1639,31
DA:1640,34
DA:1641,34
DA:1642,34
DA:1643,34
DA:1645,34
DA:1647,34
DA:1648,34
DA:1649,34
DA:1650,34
DA:1651,34
DA:1652,34
DA:1653,34
DA:1654,34
DA:1655,34
DA:1656,34
DA:1657,34
DA:1658,34
DA:1659,34
DA:1660,34
DA:1661,34
DA:1662,3
DA:1663,3
DA:1664,31
DA:1665,34
DA:1666,34
DA:1667,34
DA:1668,34
DA:1670,34
DA:1671,34
DA:1672,34
DA:1673,34
DA:1674,34
DA:1675,34
DA:1676,34
DA:1677,34
DA:1678,34
DA:1679,34
DA:1680,34
DA:1681,34
DA:1682,34
DA:1683,34
DA:1684,34
DA:1685,3
DA:1686,3
DA:1687,31
DA:1688,34
DA:1689,34
DA:1690,34
DA:1691,34
DA:1693,34
DA:1694,34
DA:1695,34
DA:1696,34
DA:1697,34
DA:1698,34
DA:1699,34
DA:1700,34
DA:1701,34
DA:1702,34
DA:1703,34
DA:1704,34
DA:1705,34
DA:1706,34
DA:1707,3
DA:1708,31
DA:1709,34
DA:1711,34
DA:1712,34
DA:1713,34
DA:1714,34
DA:1715,34
DA:1716,34
DA:1717,34
DA:1718,34
DA:1719,34
DA:1720,34
DA:1721,34
DA:1722,3
DA:1723,3
DA:1724,31
DA:1725,34
DA:1726,34
DA:1727,34
DA:1728,34
DA:1730,34
DA:1731,34
DA:1732,34
DA:1733,34
DA:1734,34
DA:1735,34
DA:1736,34
DA:1737,34
DA:1738,34
DA:1739,34
DA:1740,34
DA:1741,3
DA:1742,3
DA:1743,31
DA:1744,34
DA:1745,34
DA:1746,34
DA:1747,34
DA:1749,34
DA:1750,34
DA:1751,34
DA:1752,34
DA:1753,34
DA:1754,34
DA:1755,34
DA:1756,34
DA:1757,34
DA:1758,34
DA:1759,34
DA:1760,3
DA:1761,3
DA:1762,31
DA:1763,34
DA:1764,34
DA:1765,34
DA:1766,34
DA:1768,34
DA:1770,34
DA:1771,34
DA:1772,34
DA:1773,34
DA:1774,34
DA:1775,34
DA:1776,34
DA:1777,34
DA:1778,34
DA:1779,34
DA:1780,34
DA:1781,3
DA:1782,3
DA:1783,3
DA:1784,31
DA:1785,34
DA:1786,34
DA:1787,34
DA:1788,34
DA:1789,34
DA:1791,34
DA:1792,34
DA:1793,34
DA:1794,34
DA:1795,34
DA:1796,34
DA:1797,34
DA:1798,34
DA:1799,34
DA:1800,34
DA:1801,34
DA:1802,34
DA:1803,34
DA:1804,34
DA:1805,34
DA:1806,34
DA:1807,34
DA:1808,3
DA:1809,3
DA:1810,31
DA:1811,34
DA:1813,34
DA:1814,34
DA:1815,34
DA:1816,34
DA:1817,34
DA:1818,34
DA:1819,34
DA:1820,34
DA:1821,34
DA:1822,34
DA:1823,34
DA:1824,3
DA:1825,3
DA:1826,31
DA:1827,34
DA:1828,34
DA:1831,31
DA:1832,31
DA:1833,31
DA:1834,31
DA:1835,30
DA:1837,1
DA:1839,31
DA:1849,31
DA:1850,31
DA:1851,1
DA:1852,30
DA:1863,31
DA:1864,31
DA:1865,1
DA:1866,30
DA:1876,31
DA:1877,31
DA:1878,1
DA:1879,30
DA:1880,31
DA:1881,31
DA:1884,31
DA:1886,2
DA:1887,2
DA:1888,2
DA:1891,2
DA:1892,1
DA:1893,1
DA:1894,1
DA:1895,1
DA:1898,2
DA:1899,1
DA:1900,1
DA:1901,1
DA:1903,2
DA:1906,2
DA:1907,1
DA:1908,1
DA:1909,1
DA:1911,2
DA:1912,1
DA:1913,1
DA:1914,1
DA:1915,2
DA:1917,34
DA:1918,34
DA:1919,34
DA:1921,34
DA:1922,2
DA:1923,32
DA:1924,28
DA:1925,28
DA:1926,4
DA:1927,4
DA:1929,34
DA:1930,1
DA:1931,1
DA:1932,1
DA:1933,1
DA:1934,1
DA:1935,33
DA:1938,34
DA:1939,2
DA:1940,2
DA:1941,2
DA:1942,2
DA:1943,2
DA:1944,2
DA:1945,2
DA:1946,2
DA:1947,2
DA:1948,2
DA:1949,2
DA:1950,32
DA:1952,34
DA:1954,34
DA:1955,34
DA:1956,34
DA:1957,24
DA:1958,10
DA:1960,34
DA:1961,34
DA:1965,34
DA:1966,34
DA:1967,34
DA:1968,34
DA:1974,34
DA:1975,2
DA:1976,32
DA:1977,34
DA:1978,34
DA:1979,34
DA:1980,34
DA:1982,36
DA:1983,36
DA:1984,36
DA:1985,36
DA:1987,29
DA:1988,29
DA:1990,29
DA:1993,29
DA:1994,1
DA:1995,1
DA:1996,1
DA:1997,1
DA:1998,1
DA:1999,1
DA:2001,1
DA:2002,28
DA:2003,29
DA:2004,29
DA:2007,30
DA:2008,30
DA:2009,28
DA:2010,2
DA:2013,2
DA:2014,2
DA:2015,2
DA:2016,2
DA:2017,2
DA:2020,2
DA:2021,2
DA:2024,2
DA:2025,2
DA:2028,2
DA:2029,2
DA:2032,2
DA:2033,2
DA:2034,2
DA:2037,2
DA:2038,2
DA:2039,2
DA:2040,2
DA:2041,2
DA:2044,2
DA:2047,2
DA:2048,2
DA:2049,2
DA:2050,2
DA:2053,2
DA:2056,2
DA:2057,2
DA:2058,2
DA:2059,2
DA:2060,2
DA:2062,2
DA:2063,2
DA:2064,2
DA:2065,30
DA:2067,31
DA:2068,31
DA:2069,31
DA:2070,31
DA:2071,1
DA:2072,30
DA:2074,30
DA:2075,30
DA:2078,30
DA:2079,29
DA:2080,29
DA:2083,30
DA:2084,29
DA:2085,29
DA:2088,30
DA:2090,30
DA:2091,30
DA:2092,30
DA:2093,30
DA:2094,30
DA:2095,30
DA:2096,30
DA:2097,30
DA:2098,30
DA:2099,30
DA:2101,30
DA:2102,30
DA:2103,30
DA:2104,2
DA:2105,29
DA:2107,2
DA:2108,1
DA:2109,1
DA:2110,1
DA:2111,1
DA:2112,2
DA:2113,1
DA:2114,1
DA:2115,1
DA:2116,1
DA:2117,27
DA:2118,1
DA:2120,30
DA:2121,29
DA:2122,3
DA:2123,26
DA:2124,1
DA:2125,30
DA:2126,28
DA:2127,2
DA:2128,26
DA:2129,2
DA:2130,30
DA:2133,30
DA:2134,1
DA:2135,1
DA:2136,29
DA:2139,30
DA:2140,1
DA:2141,1
DA:2142,1
DA:2143,29
DA:2146,30
DA:2147,1
DA:2148,1
DA:2149,29
DA:2152,30
DA:2153,1
DA:2154,1
DA:2155,29
DA:2158,30
DA:2159,1
DA:2160,29
DA:2163,30
DA:2164,2
DA:2165,2
DA:2166,1
DA:2167,1
DA:2168,28
DA:2171,30
DA:2172,29
DA:2173,29
DA:2174,29
DA:2176,30
DA:2177,30
DA:2178,30
DA:2179,30
DA:2180,30
DA:2181,30
DA:2184,30
DA:2186,30
DA:2187,2
DA:2188,2
DA:2189,28
DA:2192,30
DA:2193,6
DA:2196,1
DA:2200,1
DA:2203,1
DA:2204,1
DA:2205,1
DA:2208,1
DA:2209,1
DA:2210,1
DA:2213,1
DA:2216,1
DA:2220,24
DA:2226,30
DA:2227,30
DA:2228,30
DA:2229,30
DA:2230,30
DA:2231,1
DA:2232,29
DA:2233,30
DA:2234,1
DA:2235,29
DA:2236,30
DA:2238,30
DA:2239,6
DA:2240,24
DA:2242,30
DA:2244,30
DA:2245,2
DA:2246,2
DA:2247,2
DA:2248,2
DA:2249,2
DA:2250,2
DA:2252,2
DA:2253,1
DA:2254,1
DA:2255,2
DA:2257,28
DA:2260,19
DA:2261,1
DA:2262,18
DA:2263,2
DA:2264,16
DA:2265,16
DA:2266,16
DA:2268,19
DA:2270,19
DA:2271,2
DA:2272,1
DA:2273,1
DA:2274,1
DA:2275,17
DA:2277,19
DA:2278,13
DA:2279,11
DA:2280,11
DA:2281,6
DA:2282,19
DA:2286,9
DA:2287,8
DA:2289,8
DA:2290,2
DA:2291,1
DA:2292,2
DA:2293,1
DA:2294,1
DA:2295,1
DA:2296,1
DA:2297,1
DA:2298,1
DA:2299,1
DA:2300,1
DA:2301,1
DA:2302,1
DA:2303,1
DA:2304,1
DA:2305,1
DA:2306,1
DA:2307,6
DA:2308,8
DA:2309,8
DA:2310,8
DA:2311,8
DA:2312,8
DA:2313,8
DA:2314,8
DA:2315,8
DA:2316,8
DA:2317,8
DA:2319,8
DA:2320,4
DA:2321,4
DA:2322,4
DA:2324,3
DA:2325,8
DA:2327,3
DA:2328,2
DA:2329,2
DA:2330,2
DA:2331,5
DA:2332,8
DA:2333,2
DA:2334,2
DA:2335,1
DA:2336,1
DA:2337,1
DA:2338,1
DA:2339,1
DA:2340,1
DA:2341,1
DA:2342,1
DA:2344,6
DA:2345,1
DA:2346,1
DA:2347,1
DA:2348,1
DA:2349,1
DA:2350,1
DA:2351,1
DA:2352,1
DA:2353,1
DA:2354,1
DA:2355,1
DA:2356,1
DA:2357,1
DA:2361,30
DA:2362,30
DA:2363,30
DA:2364,30
DA:2365,30
DA:2366,30
DA:2367,30
DA:2375,30
DA:2376,1
DA:2377,29
DA:2378,30
DA:2380,30
DA:2381,29
DA:2382,29
DA:2383,29
DA:2384,29
DA:2385,29
DA:2386,29
DA:2387,31
DA:2392,1
DA:2393,1
DA:2394,1
DA:2396,1
DA:2397,1
DA:2398,1
DA:2400,2
DA:2402,2
DA:2403,1
DA:2404,1
DA:2405,2
DA:2410,484
DA:2411,484
DA:2412,484
DA:2413,484
DA:2414,484
DA:2415,484
DA:2416,484
DA:2417,484
DA:2418,484
DA:2419,484
DA:2420,484
DA:2421,484
DA:2422,484
DA:2423,1
DA:2424,483
DA:2425,484
DA:2426,484
DA:2427,4461
DA:2428,4461
DA:2429,4461
DA:2430,1
DA:2431,1
DA:2432,1
DA:2433,4460
DA:2434,4461
DA:2435,4461
DA:2437,484
DA:2438,484
DA:2439,6
DA:2440,6
DA:2441,5
DA:2442,1
DA:2443,4
DA:2444,4
DA:2445,3
DA:2446,3
DA:2447,3
DA:2448,1
DA:2449,6
DA:2451,34
DA:2452,34
DA:2453,2
DA:2454,32
DA:2455,32
DA:2456,29
DA:2457,3
DA:2458,3
DA:2459,2
DA:2461,1
DA:2463,34
DA:2466,11
DA:2467,11
DA:2468,5
DA:2469,3
DA:2470,3
DA:2471,3
DA:2472,6
DA:2473,4
DA:2474,3
DA:2475,3
DA:2476,3
DA:2477,3
DA:2478,3
DA:2479,3
DA:2480,3
DA:2481,3
DA:2482,3
DA:2483,3
DA:2485,2
DA:2487,11
DA:2490,35
DA:2491,35
DA:2492,27
DA:2493,8
DA:2494,8
DA:2495,8
DA:2496,8
DA:2497,8
DA:2498,8
DA:2499,8
DA:2500,8
DA:2501,8
DA:2502,8
DA:2503,8
DA:2504,8
DA:2505,8
DA:2506,8
DA:2507,8
DA:2508,8
DA:2509,2
DA:2510,2
DA:2511,6
DA:2512,8
DA:2513,8
DA:2514,8
DA:2515,1
DA:2516,1
DA:2517,7
DA:2518,8
DA:2519,8
DA:2520,2
DA:2521,6
DA:2522,8
DA:2523,8
DA:2524,1
DA:2525,7
DA:2526,8
DA:2527,8
DA:2528,8
DA:2529,2
DA:2530,6
DA:2531,8
DA:2533,8
DA:2534,2
DA:2535,6
DA:2536,8
DA:2537,35
DA:2539,11
DA:2540,11
DA:2541,11
DA:2543,12
DA:2544,12
DA:2545,8
DA:2546,4
DA:2547,4
DA:2548,1
DA:2549,1
DA:2550,1
DA:2551,3
DA:2552,3
DA:2554,3
DA:2555,3
DA:2556,3
DA:2557,3
DA:2558,6
DA:2559,5
DA:2560,3
DA:2562,2
DA:2564,8
DA:2565,5
DA:2566,5
DA:2568,5
DA:2569,2
DA:2570,2
DA:2571,3
DA:2573,5
DA:2574,2
DA:2575,3
DA:2577,3
DA:2578,2
DA:2579,2
DA:2580,2
DA:2581,12
DA:2583,35
DA:2584,35
DA:2585,35
DA:2586,7
DA:2587,4
DA:2589,3
DA:2591,7
DA:2592,35
DA:2593,35
DA:2594,31
DA:2596,2
DA:2597,4
DA:2598,1
DA:2600,3
DA:2601,1
DA:2602,2
DA:2603,2
DA:2605,2
DA:2606,1
DA:2607,1
DA:2608,2
DA:2609,2
DA:2610,2
DA:2611,35
DA:2613,36
DA:2614,36
DA:2615,36
DA:2616,36
DA:2617,36
DA:2618,36
DA:2619,36
DA:2620,29
DA:2622,7
DA:2623,7
DA:2624,7
DA:2625,7
DA:2626,7
DA:2628,7
DA:2629,6
DA:2630,6
DA:2631,6
DA:2632,6
DA:2633,6
DA:2634,6
DA:2635,6
DA:2636,6
DA:2637,6
DA:2639,7
DA:2640,7
DA:2641,7
DA:2642,3
DA:2643,3
DA:2644,4
DA:2646,7
DA:2648,7
DA:2649,7
DA:2650,7
DA:2651,7
DA:2652,7
DA:2653,7
DA:2654,7
DA:2655,7
DA:2656,7
DA:2659,7
DA:2660,6
DA:2661,2
DA:2662,4
DA:2663,6
DA:2664,4
DA:2665,4
DA:2666,4
DA:2667,1
DA:2668,1
DA:2669,1
DA:2671,7
DA:2672,1
DA:2673,6
DA:2674,7
DA:2675,5
DA:2676,5
DA:2677,36
DA:2679,11
DA:2680,11
DA:2681,11
DA:2682,11
DA:2683,11
DA:2684,11
DA:2685,11
DA:2686,11
DA:2688,15
DA:2689,15
DA:2690,15
DA:2691,15
DA:2693,15
DA:2694,15
DA:2695,15
DA:2696,15
DA:2698,15
DA:2699,8
DA:2700,7
DA:2701,7
DA:2702,7
DA:2703,7
DA:2704,7
DA:2706,7
DA:2707,7
DA:2708,7
DA:2709,7
DA:2711,7
DA:2712,7
DA:2713,7
DA:2714,5
DA:2715,5
DA:2716,5
DA:2717,5
DA:2718,5
DA:2719,1
DA:2720,7
DA:2722,15
DA:2723,5
DA:2724,10
DA:2726,15
DA:2727,14
DA:2728,1
DA:2729,14
DA:2731,12
DA:2732,12
DA:2733,11
DA:2734,15
DA:2736,12
DA:2737,12
DA:2738,12
DA:2739,12
DA:2740,12
DA:2741,12
DA:2742,12
DA:2743,12
DA:2744,12
DA:2745,12
DA:2746,12
DA:2747,12
DA:2748,12
DA:2749,12
DA:2750,12
DA:2751,12
DA:2752,12
DA:2754,12
DA:2755,12
DA:2759,12
DA:2777,12
DA:2779,16
DA:2780,16
DA:2781,16
DA:2782,16
DA:2783,10616
DA:2784,10600
DA:2785,10600
DA:2786,16
DA:2787,16
DA:2789,14
DA:2790,14
DA:2791,701
DA:2792,701
DA:2793,86
DA:2794,1
DA:2795,1
DA:2796,1
DA:2797,1
DA:2798,611
DA:2801,14
DA:2802,14
DA:2804,26
DA:2805,26
DA:2806,26
DA:2807,26
DA:2808,26
DA:2814,1
DA:2815,1
DA:2816,1
BRF:0
BRH:0
LF:2049
LH:2049
end_of_record
SF:C:\language\mdmdview\src\emoji_assets.rs
FN:58,_RNvNtCsj01YzKchgFg_8mdmdview12emoji_assets10draw_check
FN:4,_RNvNtCsj01YzKchgFg_8mdmdview12emoji_assets10make_image
FN:43,_RNvNtCsj01YzKchgFg_8mdmdview12emoji_assets11draw_circle
FN:130,_RNvNtCsj01YzKchgFg_8mdmdview12emoji_assets4star
FN:143,_RNvNtCsj01YzKchgFg_8mdmdview12emoji_assets5flame
FN:115,_RNvNtCsj01YzKchgFg_8mdmdview12emoji_assets5heart
FN:91,_RNvNtCsj01YzKchgFg_8mdmdview12emoji_assets6rocket
FN:74,_RNvNtCsj01YzKchgFg_8mdmdview12emoji_assets8confetti
FN:60,_RNCNvNtCsj01YzKchgFg_8mdmdview12emoji_assets10draw_check0B5_
FNDA:1,_RNvNtCsj01YzKchgFg_8mdmdview12emoji_assets10draw_check
FNDA:19,_RNvNtCsj01YzKchgFg_8mdmdview12emoji_assets10make_image
FNDA:4,_RNvNtCsj01YzKchgFg_8mdmdview12emoji_assets11draw_circle
FNDA:1,_RNvNtCsj01YzKchgFg_8mdmdview12emoji_assets4star
FNDA:1,_RNvNtCsj01YzKchgFg_8mdmdview12emoji_assets5flame
FNDA:8,_RNvNtCsj01YzKchgFg_8mdmdview12emoji_assets5heart
FNDA:2,_RNvNtCsj01YzKchgFg_8mdmdview12emoji_assets6rocket
FNDA:1,_RNvNtCsj01YzKchgFg_8mdmdview12emoji_assets8confetti
FNDA:40,_RNCNvNtCsj01YzKchgFg_8mdmdview12emoji_assets10draw_check0B5_
FNF:9
FNH:9
DA:4,19
DA:5,19
DA:6,19
DA:7,19
DA:8,1
DA:9,1
DA:10,1
DA:12,18
DA:13,1
DA:14,1
DA:15,1
DA:17,17
DA:18,2
DA:19,2
DA:20,2
DA:21,2
DA:22,2
DA:23,2
DA:25,2
DA:27,15
DA:28,8
DA:29,8
DA:31,7
DA:32,1
DA:33,1
DA:35,6
DA:36,1
DA:37,1
DA:39,5
DA:41,19
DA:43,4
DA:44,4
DA:45,4
DA:46,4
DA:47,136
DA:48,5824
DA:49,5824
DA:50,5824
DA:51,5824
DA:52,3772
DA:53,3772
DA:56,4
DA:58,1
DA:59,1
DA:60,40
DA:61,40
DA:62,40
DA:64,8
DA:65,8
DA:66,8
DA:67,8
DA:68,12
DA:69,12
DA:70,12
DA:71,12
DA:72,1
DA:74,1
DA:75,1
DA:76,1
DA:77,1
DA:78,1
DA:79,1
DA:80,1
DA:81,1
DA:82,4
DA:83,4
DA:84,4
DA:85,4
DA:86,3
DA:87,3
DA:89,1
DA:91,2
DA:92,2
DA:94,44
DA:95,768
DA:96,768
DA:97,768
DA:100,14
DA:101,116
DA:102,116
DA:103,116
DA:104,116
DA:107,14
DA:108,116
DA:109,116
DA:110,116
DA:111,116
DA:113,2
DA:115,8
DA:116,8
DA:117,432
DA:118,25728
DA:119,25728
DA:120,25728
DA:121,25728
DA:122,25728
DA:123,25728
DA:124,7626
DA:125,18102
DA:128,8
DA:130,1
DA:131,1
DA:132,24
DA:133,24
DA:134,24
DA:135,24
DA:136,24
DA:137,24
DA:138,24
DA:139,24
DA:140,24
DA:141,1
DA:143,1
DA:144,1
DA:145,1
DA:146,1
DA:147,24
DA:148,576
DA:149,576
DA:150,576
DA:151,576
DA:152,576
DA:153,161
DA:154,161
DA:155,161
DA:156,161
DA:157,161
DA:158,161
DA:159,415
DA:162,1
BRF:0
BRH:0
LF:131
LH:131
end_of_record
SF:C:\language\mdmdview\src\emoji_catalog.rs
FN:85,_RNCNvNtCsj01YzKchgFg_8mdmdview13emoji_catalog13shortcode_map0B5_
FN:82,_RNvNtCsj01YzKchgFg_8mdmdview13emoji_catalog13shortcode_map
FN:4,_RNvNtCsj01YzKchgFg_8mdmdview13emoji_catalog15image_bytes_for
FNDA:1,_RNCNvNtCsj01YzKchgFg_8mdmdview13emoji_catalog13shortcode_map0B5_
FNDA:33,_RNvNtCsj01YzKchgFg_8mdmdview13emoji_catalog13shortcode_map
FNDA:4360,_RNvNtCsj01YzKchgFg_8mdmdview13emoji_catalog15image_bytes_for
FNF:3
FNH:3
DA:4,4360
DA:5,4360
DA:6,4360
DA:7,2
DA:8,2
DA:9,2
DA:10,4358
DA:11,2
DA:12,2
DA:13,2
DA:14,4356
DA:15,8
DA:16,8
DA:17,8
DA:18,4348
DA:19,3
DA:20,3
DA:21,3
DA:22,4345
DA:23,8
DA:24,8
DA:25,8
DA:26,4337
DA:27,1
DA:28,1
DA:29,1
DA:30,4336
DA:31,1
DA:32,1
DA:33,1
DA:34,4335
DA:35,1
DA:36,1
DA:37,1
DA:38,4334
DA:39,1
DA:40,1
DA:41,1
DA:42,4333
DA:43,1
DA:44,1
DA:45,1
DA:46,4332
DA:47,1
DA:48,1
DA:49,1
DA:50,4331
DA:51,1
DA:52,1
DA:53,1
DA:54,4330
DA:55,1
DA:56,1
DA:57,1
DA:58,4329
DA:59,1
DA:60,1
DA:61,1
DA:62,4328
DA:63,1
DA:64,1
DA:65,1
DA:66,4327
DA:67,1
DA:68,1
DA:69,1
DA:70,4326
DA:71,1
DA:72,1
DA:73,1
DA:74,4325
DA:75,1
DA:76,1
DA:77,1
DA:78,4324
DA:80,4360
DA:82,33
DA:85,33
DA:86,1
DA:87,1
DA:88,1
DA:89,1
DA:90,1
DA:91,1
DA:92,1
DA:93,1
DA:94,1
DA:95,1
DA:96,1
DA:97,1
DA:98,1
DA:99,1
DA:100,1
DA:101,1
DA:102,1
DA:103,1
DA:104,1
DA:105,1
DA:106,1
DA:107,1
DA:108,33
BRF:0
BRH:0
LF:102
LH:102
end_of_record
SF:C:\language\mdmdview\src\image_decode.rs
FN:62,_RNvNtCsj01YzKchgFg_8mdmdview12image_decode17raster_dimensions
FN:78,_RNvNtCsj01YzKchgFg_8mdmdview12image_decode19pixmap_new_for_test
FN:67,_RNvNtCsj01YzKchgFg_8mdmdview12image_decode21raster_exceeds_limits
FN:49,_RNvNtCsj01YzKchgFg_8mdmdview12image_decode23guessed_format_for_test
FN:45,_RNvNtCsj01YzKchgFg_8mdmdview12image_decode24svg_bytes_to_color_image
FN:168,_RNvNtCsj01YzKchgFg_8mdmdview12image_decode26bytes_to_color_image_guess
FN:26,_RNvNtCsj01YzKchgFg_8mdmdview12image_decode26take_forced_svg_dimensions
FN:31,_RNvNtCsj01YzKchgFg_8mdmdview12image_decode29take_forced_pixmap_alloc_fail
FN:21,_RNvNtCsj01YzKchgFg_8mdmdview12image_decode29take_forced_raster_dimensions
FN:36,_RNvNtCsj01YzKchgFg_8mdmdview12image_decode30take_forced_guess_format_error
FN:16,_RNvNtCsj01YzKchgFg_8mdmdview12image_decode31take_forced_zero_svg_dimensions
FN:124,_RNvNtCsj01YzKchgFg_8mdmdview12image_decode32svg_bytes_to_color_image_with_bg
FN:86,_RNvNtCsj01YzKchgFg_8mdmdview12image_decode35raster_bytes_to_color_image_with_bg
FN:27,_RNCNvNtCsj01YzKchgFg_8mdmdview12image_decode26take_forced_svg_dimensions0B5_
FN:32,_RNCNvNtCsj01YzKchgFg_8mdmdview12image_decode29take_forced_pixmap_alloc_fail0B5_
FN:22,_RNCNvNtCsj01YzKchgFg_8mdmdview12image_decode29take_forced_raster_dimensions0B5_
FN:37,_RNCNvNtCsj01YzKchgFg_8mdmdview12image_decode30take_forced_guess_format_error0B5_
FN:17,_RNCNvNtCsj01YzKchgFg_8mdmdview12image_decode31take_forced_zero_svg_dimensions0B5_
FNDA:21,_RNvNtCsj01YzKchgFg_8mdmdview12image_decode17raster_dimensions
FNDA:9,_RNvNtCsj01YzKchgFg_8mdmdview12image_decode19pixmap_new_for_test
FNDA:30,_RNvNtCsj01YzKchgFg_8mdmdview12image_decode21raster_exceeds_limits
FNDA:21,_RNvNtCsj01YzKchgFg_8mdmdview12image_decode23guessed_format_for_test
FNDA:1,_RNvNtCsj01YzKchgFg_8mdmdview12image_decode24svg_bytes_to_color_image
FNDA:16,_RNvNtCsj01YzKchgFg_8mdmdview12image_decode26bytes_to_color_image_guess
FNDA:9,_RNvNtCsj01YzKchgFg_8mdmdview12image_decode26take_forced_svg_dimensions
FNDA:9,_RNvNtCsj01YzKchgFg_8mdmdview12image_decode29take_forced_pixmap_alloc_fail
FNDA:12,_RNvNtCsj01YzKchgFg_8mdmdview12image_decode29take_forced_raster_dimensions
FNDA:21,_RNvNtCsj01YzKchgFg_8mdmdview12image_decode30take_forced_guess_format_error
FNDA:9,_RNvNtCsj01YzKchgFg_8mdmdview12image_decode31take_forced_zero_svg_dimensions
FNDA:12,_RNvNtCsj01YzKchgFg_8mdmdview12image_decode32svg_bytes_to_color_image_with_bg
FNDA:19,_RNvNtCsj01YzKchgFg_8mdmdview12image_decode35raster_bytes_to_color_image_with_bg
FNDA:9,_RNCNvNtCsj01YzKchgFg_8mdmdview12image_decode26take_forced_svg_dimensions0B5_
FNDA:9,_RNCNvNtCsj01YzKchgFg_8mdmdview12image_decode29take_forced_pixmap_alloc_fail0B5_
FNDA:12,_RNCNvNtCsj01YzKchgFg_8mdmdview12image_decode29take_forced_raster_dimensions0B5_
FNDA:21,_RNCNvNtCsj01YzKchgFg_8mdmdview12image_decode30take_forced_guess_format_error0B5_
FNDA:9,_RNCNvNtCsj01YzKchgFg_8mdmdview12image_decode31take_forced_zero_svg_dimensions0B5_
FNF:18
FNH:18
DA:16,9
DA:17,9
DA:18,9
DA:21,12
DA:22,12
DA:23,12
DA:26,9
DA:27,9
DA:28,9
DA:31,9
DA:32,9
DA:33,9
DA:36,21
DA:37,21
DA:38,21
DA:45,1
DA:46,1
DA:47,1
DA:49,21
DA:50,21
DA:51,21
DA:53,21
DA:54,1
DA:55,1
DA:56,1
DA:57,1
DA:58,20
DA:59,20
DA:60,21
DA:62,21
DA:63,21
DA:64,20
DA:65,21
DA:67,30
DA:68,30
DA:69,2
DA:70,28
DA:71,28
DA:72,4
DA:73,24
DA:74,24
DA:75,24
DA:76,30
DA:78,9
DA:80,9
DA:81,1
DA:82,8
DA:83,8
DA:84,9
DA:86,19
DA:87,19
DA:88,19
DA:89,19
DA:90,19
DA:91,1
DA:92,18
DA:93,18
DA:94,13
DA:95,1
DA:96,12
DA:97,5
DA:98,17
DA:99,12
DA:100,12
DA:102,12
DA:103,1
DA:105,11
DA:107,12
DA:108,1
DA:109,11
DA:110,11
DA:111,11
DA:112,1
DA:113,1
DA:114,1
DA:115,1
DA:116,1
DA:117,1
DA:118,1
DA:119,1
DA:120,10
DA:121,11
DA:122,19
DA:124,12
DA:125,12
DA:126,12
DA:127,12
DA:128,12
DA:129,12
DA:130,12
DA:131,12
DA:132,12
DA:133,9
DA:134,9
DA:135,9
DA:137,9
DA:138,1
DA:139,1
DA:140,8
DA:142,9
DA:143,1
DA:144,1
DA:145,8
DA:146,9
DA:147,2
DA:148,2
DA:149,7
DA:150,9
DA:151,9
DA:152,3
DA:153,3
DA:154,3
DA:155,6
DA:156,9
DA:157,8
DA:158,1
DA:159,1
DA:160,7
DA:161,8
DA:162,8
DA:163,8
DA:164,8
DA:165,8
DA:166,12
DA:168,16
DA:169,16
DA:170,16
DA:171,16
DA:172,16
DA:173,11
DA:174,5
DA:175,5
DA:176,16
BRF:0
BRH:0
LF:138
LH:138
end_of_record
SF:C:\language\mdmdview\src\main.rs
FN:108,_RINvCshLx96STFYyl_8mdmdview10next_valueINtNtNtCs98nLQ3gaCym_5alloc3vec9into_iter8IntoIterNtNtBI_6string6StringEEB2_
FN:44,_RINvCshLx96STFYyl_8mdmdview14parse_cli_fromINtNtCs98nLQ3gaCym_5alloc3vec3VecNtNtBK_6string6StringEEB2_
FN:113,_RNCINvCshLx96STFYyl_8mdmdview10next_valueINtNtNtCs98nLQ3gaCym_5alloc3vec9into_iter8IntoIterNtNtBK_6string6StringEE0B4_
FN:147,_RNCNvCshLx96STFYyl_8mdmdview9parse_f320B3_
FN:153,_RNCNvCshLx96STFYyl_8mdmdview9parse_u320B3_
FN:159,_RNCNvCshLx96STFYyl_8mdmdview9parse_u640B3_
FN:116,_RNvCshLx96STFYyl_8mdmdview11parse_theme
FN:385,_RNvCshLx96STFYyl_8mdmdview15create_app_icon
FN:124,_RNvCshLx96STFYyl_8mdmdview17parse_hex_color32
FN:456,_RNvCshLx96STFYyl_8mdmdview20configure_egui_style
FN:135,_RNvCshLx96STFYyl_8mdmdview27screenshot_background_color
FN:382,_RNvCshLx96STFYyl_8mdmdview4main
FN:144,_RNvCshLx96STFYyl_8mdmdview9parse_f32
FN:150,_RNvCshLx96STFYyl_8mdmdview9parse_u32
FN:156,_RNvCshLx96STFYyl_8mdmdview9parse_u64
FNDA:32,_RINvCshLx96STFYyl_8mdmdview10next_valueINtNtNtCs98nLQ3gaCym_5alloc3vec9into_iter8IntoIterNtNtBI_6string6StringEEB2_
FNDA:23,_RINvCshLx96STFYyl_8mdmdview14parse_cli_fromINtNtCs98nLQ3gaCym_5alloc3vec3VecNtNtBK_6string6StringEEB2_
FNDA:10,_RNCINvCshLx96STFYyl_8mdmdview10next_valueINtNtNtCs98nLQ3gaCym_5alloc3vec9into_iter8IntoIterNtNtBK_6string6StringEE0B4_
FNDA:4,_RNCNvCshLx96STFYyl_8mdmdview9parse_f320B3_
FNDA:2,_RNCNvCshLx96STFYyl_8mdmdview9parse_u320B3_
FNDA:2,_RNCNvCshLx96STFYyl_8mdmdview9parse_u640B3_
FNDA:3,_RNvCshLx96STFYyl_8mdmdview11parse_theme
FNDA:2,_RNvCshLx96STFYyl_8mdmdview15create_app_icon
FNDA:7,_RNvCshLx96STFYyl_8mdmdview17parse_hex_color32
FNDA:2,_RNvCshLx96STFYyl_8mdmdview20configure_egui_style
FNDA:3,_RNvCshLx96STFYyl_8mdmdview27screenshot_background_color
FNDA:1,_RNvCshLx96STFYyl_8mdmdview4main
FNDA:9,_RNvCshLx96STFYyl_8mdmdview9parse_f32
FNDA:4,_RNvCshLx96STFYyl_8mdmdview9parse_u32
FNDA:4,_RNvCshLx96STFYyl_8mdmdview9parse_u64
FNF:15
FNH:15
DA:44,23
DA:45,23
DA:46,23
DA:48,23
DA:49,23
DA:51,43
DA:52,37
DA:53,37
DA:54,4
DA:55,4
DA:56,3
DA:58,33
DA:59,3
DA:60,2
DA:62,30
DA:63,3
DA:64,2
DA:66,27
DA:67,3
DA:68,2
DA:70,24
DA:71,4
DA:72,3
DA:74,20
DA:75,3
DA:76,2
DA:78,17
DA:79,16
DA:80,4
DA:81,3
DA:82,2
DA:84,12
DA:85,3
DA:86,2
DA:88,9
DA:89,3
DA:90,2
DA:92,6
DA:93,2
DA:94,1
DA:96,4
DA:97,1
DA:101,6
DA:102,1
DA:103,5
DA:105,5
DA:106,23
DA:108,32
DA:109,32
DA:110,32
DA:112,32
DA:113,32
DA:114,32
DA:116,3
DA:117,3
DA:118,3
DA:119,2
DA:120,1
DA:122,3
DA:124,7
DA:125,7
DA:126,7
DA:127,2
DA:128,5
DA:129,5
DA:130,4
DA:131,3
DA:132,2
DA:133,7
DA:135,3
DA:136,3
DA:137,2
DA:138,1
DA:139,1
DA:140,1
DA:141,2
DA:142,3
DA:144,9
DA:145,9
DA:146,9
DA:147,9
DA:148,9
DA:150,4
DA:151,4
DA:152,4
DA:153,4
DA:154,4
DA:156,4
DA:157,4
DA:158,4
DA:159,4
DA:160,4
DA:382,1
DA:385,2
DA:387,2
DA:388,2
DA:390,64
DA:391,2048
DA:392,2048
DA:394,248
DA:395,1800
DA:397,232
DA:398,1568
DA:400,250
DA:401,70
DA:402,180
DA:403,130
DA:405,50
DA:407,1318
DA:409,150
DA:410,18
DA:411,132
DA:412,90
DA:414,42
DA:416,1168
DA:418,150
DA:419,18
DA:420,132
DA:421,78
DA:423,54
DA:425,1018
DA:427,126
DA:428,102
DA:430,24
DA:432,892
DA:434,150
DA:435,90
DA:437,60
DA:441,742
DA:444,2048
DA:448,2
DA:449,2
DA:450,2
DA:451,2
DA:452,2
DA:453,2
DA:456,2
DA:457,2
DA:460,2
DA:461,2
DA:462,2
DA:465,2
DA:466,2
DA:469,2
DA:470,2
DA:473,2
DA:474,1
DA:475,1
DA:476,1
DA:477,1
DA:478,1
DA:479,1
DA:481,2
DA:485,2
BRF:0
BRH:0
LF:158
LH:158
end_of_record
SF:C:\language\mdmdview\src\markdown_renderer.rs
FN:820,_RINvMs2_NtCsj01YzKchgFg_8mdmdview17markdown_rendererNtB6_16MarkdownRenderer18spawn_named_threadNCNvB2_18spawn_image_loader0EB8_
FN:4113,_RNCNCNCNCNCNCNCNvMs2_NtCsj01YzKchgFg_8mdmdview17markdown_rendererNtBj_16MarkdownRenderer25render_table_tablebuilders4_000s3_0000Bl_
FN:4114,_RNCNCNCNCNCNCNCNvMs2_NtCsj01YzKchgFg_8mdmdview17markdown_rendererNtBj_16MarkdownRenderer25render_table_tablebuilders4_000s3_000s_0Bl_
FN:4006,_RNCNCNCNCNCNCNvMs2_NtCsj01YzKchgFg_8mdmdview17markdown_rendererNtBh_16MarkdownRenderer25render_table_tablebuilders4_000s0_000Bj_
FN:4076,_RNCNCNCNCNCNCNvMs2_NtCsj01YzKchgFg_8mdmdview17markdown_rendererNtBh_16MarkdownRenderer25render_table_tablebuilders4_000s2_000Bj_
FN:4110,_RNCNCNCNCNCNCNvMs2_NtCsj01YzKchgFg_8mdmdview17markdown_rendererNtBh_16MarkdownRenderer25render_table_tablebuilders4_000s3_000Bj_
FN:3995,_RNCNCNCNCNCNvMs2_NtCsj01YzKchgFg_8mdmdview17markdown_rendererNtBf_16MarkdownRenderer25render_table_tablebuilders4_000s0_00Bh_
FN:4008,_RNCNCNCNCNCNvMs2_NtCsj01YzKchgFg_8mdmdview17markdown_rendererNtBf_16MarkdownRenderer25render_table_tablebuilders4_000s0_0s_0Bh_
FN:4073,_RNCNCNCNCNCNvMs2_NtCsj01YzKchgFg_8mdmdview17markdown_rendererNtBf_16MarkdownRenderer25render_table_tablebuilders4_000s2_00Bh_
FN:4104,_RNCNCNCNCNCNvMs2_NtCsj01YzKchgFg_8mdmdview17markdown_rendererNtBf_16MarkdownRenderer25render_table_tablebuilders4_000s3_00Bh_
FN:3545,_RNCNCNCNCNvMs2_NtCsj01YzKchgFg_8mdmdview17markdown_rendererNtBd_16MarkdownRenderer17render_code_block00s_00Bf_
FN:3970,_RNCNCNCNCNvMs2_NtCsj01YzKchgFg_8mdmdview17markdown_rendererNtBd_16MarkdownRenderer25render_table_tablebuilders4_0000Bf_
FN:3985,_RNCNCNCNCNvMs2_NtCsj01YzKchgFg_8mdmdview17markdown_rendererNtBd_16MarkdownRenderer25render_table_tablebuilders4_000s0_0Bf_
FN:4014,_RNCNCNCNCNvMs2_NtCsj01YzKchgFg_8mdmdview17markdown_rendererNtBd_16MarkdownRenderer25render_table_tablebuilders4_000s1_0Bf_
FN:4071,_RNCNCNCNCNvMs2_NtCsj01YzKchgFg_8mdmdview17markdown_rendererNtBd_16MarkdownRenderer25render_table_tablebuilders4_000s2_0Bf_
FN:4094,_RNCNCNCNCNvMs2_NtCsj01YzKchgFg_8mdmdview17markdown_rendererNtBd_16MarkdownRenderer25render_table_tablebuilders4_000s3_0Bf_
FN:3983,_RNCNCNCNCNvMs2_NtCsj01YzKchgFg_8mdmdview17markdown_rendererNtBd_16MarkdownRenderer25render_table_tablebuilders4_000s_0Bf_
FN:3524,_RNCNCNCNvMs2_NtCsj01YzKchgFg_8mdmdview17markdown_rendererNtBb_16MarkdownRenderer17render_code_block000Bd_
FN:3533,_RNCNCNCNvMs2_NtCsj01YzKchgFg_8mdmdview17markdown_rendererNtBb_16MarkdownRenderer17render_code_block00s_0Bd_
FN:3964,_RNCNCNCNvMs2_NtCsj01YzKchgFg_8mdmdview17markdown_rendererNtBb_16MarkdownRenderer25render_table_tablebuilders4_000Bd_
FN:3509,_RNCNCNvMs2_NtCsj01YzKchgFg_8mdmdview17markdown_rendererNtB9_16MarkdownRenderer17render_code_block00Bb_
FN:3483,_RNCNCNvMs2_NtCsj01YzKchgFg_8mdmdview17markdown_rendererNtB9_16MarkdownRenderer17render_list_block00Bb_
FN:4228,_RNCNCNvMs2_NtCsj01YzKchgFg_8mdmdview17markdown_rendererNtB9_16MarkdownRenderer19resolve_table_rectss0_00Bb_
FN:4232,_RNCNCNvMs2_NtCsj01YzKchgFg_8mdmdview17markdown_rendererNtB9_16MarkdownRenderer19resolve_table_rectss3_00Bb_
FN:4233,_RNCNCNvMs2_NtCsj01YzKchgFg_8mdmdview17markdown_rendererNtB9_16MarkdownRenderer19resolve_table_rectss4_00Bb_
FN:4236,_RNCNCNvMs2_NtCsj01YzKchgFg_8mdmdview17markdown_rendererNtB9_16MarkdownRenderer19resolve_table_rectss6_00Bb_
FN:4237,_RNCNCNvMs2_NtCsj01YzKchgFg_8mdmdview17markdown_rendererNtB9_16MarkdownRenderer19resolve_table_rectss7_00Bb_
FN:4247,_RNCNCNvMs2_NtCsj01YzKchgFg_8mdmdview17markdown_rendererNtB9_16MarkdownRenderer19resolve_table_rectss8_00Bb_
FN:4227,_RNCNCNvMs2_NtCsj01YzKchgFg_8mdmdview17markdown_rendererNtB9_16MarkdownRenderer19resolve_table_rectss_00Bb_
FN:3095,_RNCNCNvMs2_NtCsj01YzKchgFg_8mdmdview17markdown_rendererNtB9_16MarkdownRenderer20measure_inline_spans00Bb_
FN:3132,_RNCNCNvMs2_NtCsj01YzKchgFg_8mdmdview17markdown_rendererNtB9_16MarkdownRenderer20measure_inline_spans0s_0Bb_
FN:3394,_RNCNCNvMs2_NtCsj01YzKchgFg_8mdmdview17markdown_rendererNtB9_16MarkdownRenderer21render_list_paragraph00Bb_
FN:3962,_RNCNCNvMs2_NtCsj01YzKchgFg_8mdmdview17markdown_rendererNtB9_16MarkdownRenderer25render_table_tablebuilders4_00Bb_
FN:4257,_RNCNCNvMs2_NtCsj01YzKchgFg_8mdmdview17markdown_rendererNtB9_16MarkdownRenderer25row_needs_height_estimate00Bb_
FN:4298,_RNCNCNvMs2_NtCsj01YzKchgFg_8mdmdview17markdown_rendererNtB9_16MarkdownRenderer27resolve_table_column_widthss_00Bb_
FN:335,_RNCNvMs0_NtCsj01YzKchgFg_8mdmdview17markdown_rendererNtB7_10ImageCache5touch0B9_
FN:326,_RNCNvMs0_NtCsj01YzKchgFg_8mdmdview17markdown_rendererNtB7_10ImageCache6remove0B9_
FN:2166,_RNCNvMs2_NtCsj01YzKchgFg_8mdmdview17markdown_rendererNtB7_16MarkdownRenderer10parse_list0B9_
FN:3441,_RNCNvMs2_NtCsj01YzKchgFg_8mdmdview17markdown_rendererNtB7_16MarkdownRenderer11render_list0B9_
FN:3452,_RNCNvMs2_NtCsj01YzKchgFg_8mdmdview17markdown_rendererNtB7_16MarkdownRenderer11render_lists_0B9_
FN:2523,_RNCNvMs2_NtCsj01YzKchgFg_8mdmdview17markdown_rendererNtB7_16MarkdownRenderer12render_to_ui0B9_
FN:413,_RNCNvMs2_NtCsj01YzKchgFg_8mdmdview17markdown_rendererNtB7_16MarkdownRenderer14cell_fragments0B9_
FN:3250,_RNCNvMs2_NtCsj01YzKchgFg_8mdmdview17markdown_rendererNtB7_16MarkdownRenderer14to_superscript0B9_
FN:4766,_RNCNvMs2_NtCsj01YzKchgFg_8mdmdview17markdown_rendererNtB7_16MarkdownRenderer15link_at_pointer0B9_
FN:4464,_RNCNvMs2_NtCsj01YzKchgFg_8mdmdview17markdown_rendererNtB7_16MarkdownRenderer15row_height_hint0B9_
FN:4465,_RNCNvMs2_NtCsj01YzKchgFg_8mdmdview17markdown_rendererNtB7_16MarkdownRenderer15row_height_hints_0B9_
FN:533,_RNCNvMs2_NtCsj01YzKchgFg_8mdmdview17markdown_rendererNtB7_16MarkdownRenderer16build_layout_job0B9_
FN:4724,_RNCNvMs2_NtCsj01YzKchgFg_8mdmdview17markdown_rendererNtB7_16MarkdownRenderer17cached_layout_job0B9_
FN:3182,_RNCNvMs2_NtCsj01YzKchgFg_8mdmdview17markdown_rendererNtB7_16MarkdownRenderer17expand_shortcodes0B9_
FN:2547,_RNCNvMs2_NtCsj01YzKchgFg_8mdmdview17markdown_rendererNtB7_16MarkdownRenderer17fix_unicode_chars0B9_
FN:3508,_RNCNvMs2_NtCsj01YzKchgFg_8mdmdview17markdown_rendererNtB7_16MarkdownRenderer17render_code_block0B9_
FN:3481,_RNCNvMs2_NtCsj01YzKchgFg_8mdmdview17markdown_rendererNtB7_16MarkdownRenderer17render_list_block0B9_
FN:467,_RNCNvMs2_NtCsj01YzKchgFg_8mdmdview17markdown_rendererNtB7_16MarkdownRenderer18highlight_segments0B9_
FN:2682,_RNCNvMs2_NtCsj01YzKchgFg_8mdmdview17markdown_rendererNtB7_16MarkdownRenderer18render_inline_span0B9_
FN:2758,_RNCNvMs2_NtCsj01YzKchgFg_8mdmdview17markdown_rendererNtB7_16MarkdownRenderer18render_inline_spans0_0B9_
FN:2703,_RNCNvMs2_NtCsj01YzKchgFg_8mdmdview17markdown_rendererNtB7_16MarkdownRenderer18render_inline_spans_0B9_
FN:776,_RNCNvMs2_NtCsj01YzKchgFg_8mdmdview17markdown_rendererNtB7_16MarkdownRenderer18spawn_image_loader0B9_
FN:1737,_RNCNvMs2_NtCsj01YzKchgFg_8mdmdview17markdown_rendererNtB7_16MarkdownRenderer19collect_blockquotes0B9_
FN:2437,_RNCNvMs2_NtCsj01YzKchgFg_8mdmdview17markdown_rendererNtB7_16MarkdownRenderer19render_element_body0B9_
FN:2475,_RNCNvMs2_NtCsj01YzKchgFg_8mdmdview17markdown_rendererNtB7_16MarkdownRenderer19render_element_bodys_0B9_
FN:2535,_RNCNvMs2_NtCsj01YzKchgFg_8mdmdview17markdown_rendererNtB7_16MarkdownRenderer19render_inline_spans0B9_
FN:4226,_RNCNvMs2_NtCsj01YzKchgFg_8mdmdview17markdown_rendererNtB7_16MarkdownRenderer19resolve_table_rects0B9_
FN:4228,_RNCNvMs2_NtCsj01YzKchgFg_8mdmdview17markdown_rendererNtB7_16MarkdownRenderer19resolve_table_rectss0_0B9_
FN:4229,_RNCNvMs2_NtCsj01YzKchgFg_8mdmdview17markdown_rendererNtB7_16MarkdownRenderer19resolve_table_rectss1_0B9_
FN:4231,_RNCNvMs2_NtCsj01YzKchgFg_8mdmdview17markdown_rendererNtB7_16MarkdownRenderer19resolve_table_rectss2_0B9_
FN:4232,_RNCNvMs2_NtCsj01YzKchgFg_8mdmdview17markdown_rendererNtB7_16MarkdownRenderer19resolve_table_rectss3_0B9_
FN:4233,_RNCNvMs2_NtCsj01YzKchgFg_8mdmdview17markdown_rendererNtB7_16MarkdownRenderer19resolve_table_rectss4_0B9_
FN:4235,_RNCNvMs2_NtCsj01YzKchgFg_8mdmdview17markdown_rendererNtB7_16MarkdownRenderer19resolve_table_rectss5_0B9_
FN:4236,_RNCNvMs2_NtCsj01YzKchgFg_8mdmdview17markdown_rendererNtB7_16MarkdownRenderer19resolve_table_rectss6_0B9_
FN:4237,_RNCNvMs2_NtCsj01YzKchgFg_8mdmdview17markdown_rendererNtB7_16MarkdownRenderer19resolve_table_rectss7_0B9_
FN:4246,_RNCNvMs2_NtCsj01YzKchgFg_8mdmdview17markdown_rendererNtB7_16MarkdownRenderer19resolve_table_rectss8_0B9_
FN:4227,_RNCNvMs2_NtCsj01YzKchgFg_8mdmdview17markdown_rendererNtB7_16MarkdownRenderer19resolve_table_rectss_0B9_
FN:3065,_RNCNvMs2_NtCsj01YzKchgFg_8mdmdview17markdown_rendererNtB7_16MarkdownRenderer20measure_inline_spans0B9_
FN:4680,_RNCNvMs2_NtCsj01YzKchgFg_8mdmdview17markdown_rendererNtB7_16MarkdownRenderer20paint_table_text_job0B9_
FN:4699,_RNCNvMs2_NtCsj01YzKchgFg_8mdmdview17markdown_rendererNtB7_16MarkdownRenderer20paint_table_text_jobs_0B9_
FN:4803,_RNCNvMs2_NtCsj01YzKchgFg_8mdmdview17markdown_rendererNtB7_16MarkdownRenderer20resolve_table_widths0B9_
FN:4819,_RNCNvMs2_NtCsj01YzKchgFg_8mdmdview17markdown_rendererNtB7_16MarkdownRenderer20resolve_table_widthss0_0B9_
FN:4809,_RNCNvMs2_NtCsj01YzKchgFg_8mdmdview17markdown_rendererNtB7_16MarkdownRenderer20resolve_table_widthss_0B9_
FN:4892,_RNCNvMs2_NtCsj01YzKchgFg_8mdmdview17markdown_rendererNtB7_16MarkdownRenderer20set_highlight_phrase0B9_
FN:4893,_RNCNvMs2_NtCsj01YzKchgFg_8mdmdview17markdown_rendererNtB7_16MarkdownRenderer20set_highlight_phrases_0B9_
FN:3379,_RNCNvMs2_NtCsj01YzKchgFg_8mdmdview17markdown_rendererNtB7_16MarkdownRenderer21render_list_paragraph0B9_
FN:1468,_RNCNvMs2_NtCsj01YzKchgFg_8mdmdview17markdown_rendererNtB7_16MarkdownRenderer21restore_pipe_sentinel0B9_
FN:3776,_RNCNvMs2_NtCsj01YzKchgFg_8mdmdview17markdown_rendererNtB7_16MarkdownRenderer22column_stats_for_table0B9_
FN:2998,_RNCNvMs2_NtCsj01YzKchgFg_8mdmdview17markdown_rendererNtB7_16MarkdownRenderer22emoji_key_for_grapheme0B9_
FN:3005,_RNCNvMs2_NtCsj01YzKchgFg_8mdmdview17markdown_rendererNtB7_16MarkdownRenderer22emoji_key_for_graphemes_0B9_
FN:4636,_RNCNvMs2_NtCsj01YzKchgFg_8mdmdview17markdown_rendererNtB7_16MarkdownRenderer22render_overhauled_cell0B9_
FN:5209,_RNCNvMs2_NtCsj01YzKchgFg_8mdmdview17markdown_rendererNtB7_16MarkdownRenderer24find_syntax_for_language0B9_
FN:4374,_RNCNvMs2_NtCsj01YzKchgFg_8mdmdview17markdown_rendererNtB7_16MarkdownRenderer25estimate_table_row_height0B9_
FN:4381,_RNCNvMs2_NtCsj01YzKchgFg_8mdmdview17markdown_rendererNtB7_16MarkdownRenderer25estimate_table_row_heights_0B9_
FN:3844,_RNCNvMs2_NtCsj01YzKchgFg_8mdmdview17markdown_rendererNtB7_16MarkdownRenderer25render_table_tablebuilder0B9_
FN:3875,_RNCNvMs2_NtCsj01YzKchgFg_8mdmdview17markdown_rendererNtB7_16MarkdownRenderer25render_table_tablebuilders0_0B9_
FN:3888,_RNCNvMs2_NtCsj01YzKchgFg_8mdmdview17markdown_rendererNtB7_16MarkdownRenderer25render_table_tablebuilders1_0B9_
FN:3909,_RNCNvMs2_NtCsj01YzKchgFg_8mdmdview17markdown_rendererNtB7_16MarkdownRenderer25render_table_tablebuilders2_0B9_
FN:3914,_RNCNvMs2_NtCsj01YzKchgFg_8mdmdview17markdown_rendererNtB7_16MarkdownRenderer25render_table_tablebuilders3_0B9_
FN:3960,_RNCNvMs2_NtCsj01YzKchgFg_8mdmdview17markdown_rendererNtB7_16MarkdownRenderer25render_table_tablebuilders4_0B9_
FN:4190,_RNCNvMs2_NtCsj01YzKchgFg_8mdmdview17markdown_rendererNtB7_16MarkdownRenderer25render_table_tablebuilders5_0B9_
FN:3853,_RNCNvMs2_NtCsj01YzKchgFg_8mdmdview17markdown_rendererNtB7_16MarkdownRenderer25render_table_tablebuilders_0B9_
FN:4256,_RNCNvMs2_NtCsj01YzKchgFg_8mdmdview17markdown_rendererNtB7_16MarkdownRenderer25row_needs_height_estimate0B9_
FN:4411,_RNCNvMs2_NtCsj01YzKchgFg_8mdmdview17markdown_rendererNtB7_16MarkdownRenderer26estimate_table_cell_height0B9_
FN:4437,_RNCNvMs2_NtCsj01YzKchgFg_8mdmdview17markdown_rendererNtB7_16MarkdownRenderer27estimate_table_image_height0B9_
FN:4287,_RNCNvMs2_NtCsj01YzKchgFg_8mdmdview17markdown_rendererNtB7_16MarkdownRenderer27resolve_table_column_widths0B9_
FN:4294,_RNCNvMs2_NtCsj01YzKchgFg_8mdmdview17markdown_rendererNtB7_16MarkdownRenderer27resolve_table_column_widthss_0B9_
FN:4324,_RNCNvMs2_NtCsj01YzKchgFg_8mdmdview17markdown_rendererNtB7_16MarkdownRenderer28estimate_table_column_widths0B9_
FN:4330,_RNCNvMs2_NtCsj01YzKchgFg_8mdmdview17markdown_rendererNtB7_16MarkdownRenderer28estimate_table_column_widthss_0B9_
FN:2840,_RNCNvMs2_NtCsj01YzKchgFg_8mdmdview17markdown_rendererNtB7_16MarkdownRenderer43render_text_segment_with_optional_highlight0B9_
FN:220,_RNCNvMs_NtCsj01YzKchgFg_8mdmdview17markdown_rendererNtB6_15CellLayoutCache6insert0B8_
FN:71,_RNCNvNtCsj01YzKchgFg_8mdmdview17markdown_renderer22force_parse_error_once0B5_
FN:56,_RNCNvNtCsj01YzKchgFg_8mdmdview17markdown_renderer23render_action_triggered0B5_
FN:81,_RNCNvNtCsj01YzKchgFg_8mdmdview17markdown_renderer23take_forced_parse_error0B5_
FN:66,_RNCNvNtCsj01YzKchgFg_8mdmdview17markdown_renderer26take_forced_table_policies0B5_
FN:330,_RNvMs0_NtCsj01YzKchgFg_8mdmdview17markdown_rendererNtB5_10ImageCache12contains_key
FN:299,_RNvMs0_NtCsj01YzKchgFg_8mdmdview17markdown_rendererNtB5_10ImageCache3get
FN:291,_RNvMs0_NtCsj01YzKchgFg_8mdmdview17markdown_rendererNtB5_10ImageCache3new
FN:334,_RNvMs0_NtCsj01YzKchgFg_8mdmdview17markdown_rendererNtB5_10ImageCache5touch
FN:307,_RNvMs0_NtCsj01YzKchgFg_8mdmdview17markdown_rendererNtB5_10ImageCache6insert
FN:324,_RNvMs0_NtCsj01YzKchgFg_8mdmdview17markdown_rendererNtB5_10ImageCache6remove
FN:847,_RNvMs2_NtCsj01YzKchgFg_8mdmdview17markdown_rendererNtB5_16MarkdownRenderer10font_sizes
FN:2149,_RNvMs2_NtCsj01YzKchgFg_8mdmdview17markdown_rendererNtB5_16MarkdownRenderer10parse_list
FN:5239,_RNvMs2_NtCsj01YzKchgFg_8mdmdview17markdown_rendererNtB5_16MarkdownRenderer10reset_zoom
FN:3703,_RNvMs2_NtCsj01YzKchgFg_8mdmdview17markdown_rendererNtB5_16MarkdownRenderer11align_to_u8
FN:1430,_RNvMs2_NtCsj01YzKchgFg_8mdmdview17markdown_rendererNtB5_16MarkdownRenderer11fence_start
FN:2347,_RNvMs2_NtCsj01YzKchgFg_8mdmdview17markdown_rendererNtB5_16MarkdownRenderer11parse_table
FN:3412,_RNvMs2_NtCsj01YzKchgFg_8mdmdview17markdown_rendererNtB5_16MarkdownRenderer11render_list
FN:1079,_RNvMs2_NtCsj01YzKchgFg_8mdmdview17markdown_rendererNtB5_16MarkdownRenderer11tab_advance
FN:1452,_RNvMs2_NtCsj01YzKchgFg_8mdmdview17markdown_rendererNtB5_16MarkdownRenderer12is_fence_end
FN:3792,_RNvMs2_NtCsj01YzKchgFg_8mdmdview17markdown_rendererNtB5_16MarkdownRenderer12render_table
FN:2510,_RNvMs2_NtCsj01YzKchgFg_8mdmdview17markdown_rendererNtB5_16MarkdownRenderer12render_to_ui
FN:4971,_RNvMs2_NtCsj01YzKchgFg_8mdmdview17markdown_rendererNtB5_16MarkdownRenderer12set_base_dir
FN:4842,_RNvMs2_NtCsj01YzKchgFg_8mdmdview17markdown_rendererNtB5_16MarkdownRenderer12trigger_link
FN:1503,_RNvMs2_NtCsj01YzKchgFg_8mdmdview17markdown_rendererNtB5_16MarkdownRenderer13parse_element
FN:3678,_RNvMs2_NtCsj01YzKchgFg_8mdmdview17markdown_rendererNtB5_16MarkdownRenderer14alignment_hash
FN:406,_RNvMs2_NtCsj01YzKchgFg_8mdmdview17markdown_rendererNtB5_16MarkdownRenderer14cell_fragments
FN:3147,_RNvMs2_NtCsj01YzKchgFg_8mdmdview17markdown_rendererNtB5_16MarkdownRenderer14is_known_emoji
FN:5245,_RNvMs2_NtCsj01YzKchgFg_8mdmdview17markdown_rendererNtB5_16MarkdownRenderer14set_zoom_scale
FN:3248,_RNvMs2_NtCsj01YzKchgFg_8mdmdview17markdown_rendererNtB5_16MarkdownRenderer14to_superscript
FN:4867,_RNvMs2_NtCsj01YzKchgFg_8mdmdview17markdown_rendererNtB5_16MarkdownRenderer15element_rect_at
FN:4862,_RNvMs2_NtCsj01YzKchgFg_8mdmdview17markdown_rendererNtB5_16MarkdownRenderer15header_rect_for
FN:2791,_RNvMs2_NtCsj01YzKchgFg_8mdmdview17markdown_rendererNtB5_16MarkdownRenderer15is_external_url
FN:4748,_RNvMs2_NtCsj01YzKchgFg_8mdmdview17markdown_rendererNtB5_16MarkdownRenderer15link_at_pointer
FN:4459,_RNvMs2_NtCsj01YzKchgFg_8mdmdview17markdown_rendererNtB5_16MarkdownRenderer15row_height_hint
FN:1108,_RNvMs2_NtCsj01YzKchgFg_8mdmdview17markdown_rendererNtB5_16MarkdownRenderer15table_line_info
FN:667,_RNvMs2_NtCsj01YzKchgFg_8mdmdview17markdown_rendererNtB5_16MarkdownRenderer16append_code_span
FN:4490,_RNvMs2_NtCsj01YzKchgFg_8mdmdview17markdown_rendererNtB5_16MarkdownRenderer16begin_table_pass
FN:511,_RNvMs2_NtCsj01YzKchgFg_8mdmdview17markdown_rendererNtB5_16MarkdownRenderer16build_layout_job
FN:3720,_RNvMs2_NtCsj01YzKchgFg_8mdmdview17markdown_rendererNtB5_16MarkdownRenderer16compute_table_id
FN:2783,_RNvMs2_NtCsj01YzKchgFg_8mdmdview17markdown_rendererNtB5_16MarkdownRenderer16extract_fragment
FN:4871,_RNvMs2_NtCsj01YzKchgFg_8mdmdview17markdown_rendererNtB5_16MarkdownRenderer16layout_signature
FN:1158,_RNvMs2_NtCsj01YzKchgFg_8mdmdview17markdown_rendererNtB5_16MarkdownRenderer16list_marker_info
FN:3713,_RNvMs2_NtCsj01YzKchgFg_8mdmdview17markdown_rendererNtB5_16MarkdownRenderer16next_table_index
FN:2113,_RNvMs2_NtCsj01YzKchgFg_8mdmdview17markdown_rendererNtB5_16MarkdownRenderer16parse_code_block
FN:1629,_RNvMs2_NtCsj01YzKchgFg_8mdmdview17markdown_rendererNtB5_16MarkdownRenderer16spans_plain_text
FN:3687,_RNvMs2_NtCsj01YzKchgFg_8mdmdview17markdown_rendererNtB5_16MarkdownRenderer17alignment_to_egui
FN:641,_RNvMs2_NtCsj01YzKchgFg_8mdmdview17markdown_rendererNtB5_16MarkdownRenderer17append_plain_span
FN:4710,_RNvMs2_NtCsj01YzKchgFg_8mdmdview17markdown_rendererNtB5_16MarkdownRenderer17cached_layout_job
FN:438,_RNvMs2_NtCsj01YzKchgFg_8mdmdview17markdown_rendererNtB5_16MarkdownRenderer17cell_single_emoji
FN:5008,_RNvMs2_NtCsj01YzKchgFg_8mdmdview17markdown_rendererNtB5_16MarkdownRenderer17enqueue_image_job
[...]
FN:234,_RNCNCNvNtNtCsj01YzKchgFg_8mdmdview13table_support11column_spec19derive_column_specss_0s_0B9_
FN:431,_RNCNvNtNtCsj01YzKchgFg_8mdmdview13table_support11column_spec11matches_any0B7_
FN:399,_RNCNvNtNtCsj01YzKchgFg_8mdmdview13table_support11column_spec15classify_column0B7_
FN:400,_RNCNvNtNtCsj01YzKchgFg_8mdmdview13table_support11column_spec15classify_columns_0B7_
FN:223,_RNCNvNtNtCsj01YzKchgFg_8mdmdview13table_support11column_spec19derive_column_specs0B7_
FN:269,_RNCNvNtNtCsj01YzKchgFg_8mdmdview13table_support11column_spec19derive_column_specss0_0B7_
FN:273,_RNCNvNtNtCsj01YzKchgFg_8mdmdview13table_support11column_spec19derive_column_specss1_0B7_
FN:274,_RNCNvNtNtCsj01YzKchgFg_8mdmdview13table_support11column_spec19derive_column_specss2_0B7_
FN:294,_RNCNvNtNtCsj01YzKchgFg_8mdmdview13table_support11column_spec19derive_column_specss5_0B7_
FN:228,_RNCNvNtNtCsj01YzKchgFg_8mdmdview13table_support11column_spec19derive_column_specss_0B7_
FN:467,_RNCNvNtNtCsj01YzKchgFg_8mdmdview13table_support11column_spec20compute_column_stats0B7_
FN:521,_RNCNvNtNtCsj01YzKchgFg_8mdmdview13table_support11column_spec25accumulate_stats_for_cell0B7_
FN:42,_RNvMNtNtCsj01YzKchgFg_8mdmdview13table_support11column_specNtB2_12ColumnPolicy9to_column
FN:130,_RNvMs0_NtNtCsj01YzKchgFg_8mdmdview13table_support11column_specNtB5_10ColumnSpec10set_policy
FN:135,_RNvMs0_NtNtCsj01YzKchgFg_8mdmdview13table_support11column_specNtB5_10ColumnSpec21apply_preferred_width
FN:126,_RNvMs0_NtNtCsj01YzKchgFg_8mdmdview13table_support11column_specNtB5_10ColumnSpec9as_column
FN:188,_RNvMs1_NtNtCsj01YzKchgFg_8mdmdview13table_support11column_specNtB5_18TableColumnContext11column_stat
FN:172,_RNvMs1_NtNtCsj01YzKchgFg_8mdmdview13table_support11column_specNtB5_18TableColumnContext3new
FN:311,_RNvNtNtCsj01YzKchgFg_8mdmdview13table_support11column_spec11header_text
FN:430,_RNvNtNtCsj01YzKchgFg_8mdmdview13table_support11column_spec11matches_any
FN:532,_RNvNtNtCsj01YzKchgFg_8mdmdview13table_support11column_spec13spans_to_text
FN:434,_RNvNtNtCsj01YzKchgFg_8mdmdview13table_support11column_spec14column_tooltip
FN:346,_RNvNtNtCsj01YzKchgFg_8mdmdview13table_support11column_spec15classify_column
FN:215,_RNvNtNtCsj01YzKchgFg_8mdmdview13table_support11column_spec19derive_column_specs
FN:460,_RNvNtNtCsj01YzKchgFg_8mdmdview13table_support11column_spec20compute_column_stats
FN:193,_RNvNtNtCsj01YzKchgFg_8mdmdview13table_support11column_spec21calculate_policy_hash
FN:419,_RNvNtNtCsj01YzKchgFg_8mdmdview13table_support11column_spec22column_needs_remainder
FN:12,_RNvNtNtCsj01YzKchgFg_8mdmdview13table_support11column_spec22normalize_body_font_px
FN:493,_RNvNtNtCsj01YzKchgFg_8mdmdview13table_support11column_spec25accumulate_stats_for_cell
FN:20,_RNvNtNtCsj01YzKchgFg_8mdmdview13table_support11column_spec2px
FNDA:87,_RINvMs0_NtNtCsj01YzKchgFg_8mdmdview13table_support11column_specNtB6_10ColumnSpec3newNtNtCs98nLQ3gaCym_5alloc6string6StringEBa_
FNDA:19,_RINvMs0_NtNtCsj01YzKchgFg_8mdmdview13table_support11column_specNtB6_10ColumnSpec3newReEBa_
FNDA:4,_RINvXs_NtNtCsj01YzKchgFg_8mdmdview13table_support11column_specNtB5_12ColumnPolicyNtNtCs3mF4h8B4xym_4core4hash4Hash4hashNtNtNtCsfF4KpLFRSdP_3std4hash6random13DefaultHasherEB9_
FNDA:82,_RNCNCNvNtNtCsj01YzKchgFg_8mdmdview13table_support11column_spec19derive_column_specss_00B9_
FNDA:5,_RNCNCNvNtNtCsj01YzKchgFg_8mdmdview13table_support11column_spec19derive_column_specss_0s0_0B9_
FNDA:80,_RNCNCNvNtNtCsj01YzKchgFg_8mdmdview13table_support11column_spec19derive_column_specss_0s_0B9_
FNDA:1694,_RNCNvNtNtCsj01YzKchgFg_8mdmdview13table_support11column_spec11matches_any0B7_
FNDA:20,_RNCNvNtNtCsj01YzKchgFg_8mdmdview13table_support11column_spec15classify_column0B7_
FNDA:2,_RNCNvNtNtCsj01YzKchgFg_8mdmdview13table_support11column_spec15classify_columns_0B7_
FNDA:34,_RNCNvNtNtCsj01YzKchgFg_8mdmdview13table_support11column_spec19derive_column_specs0B7_
FNDA:43,_RNCNvNtNtCsj01YzKchgFg_8mdmdview13table_support11column_spec19derive_column_specss0_0B7_
FNDA:43,_RNCNvNtNtCsj01YzKchgFg_8mdmdview13table_support11column_spec19derive_column_specss1_0B7_
FNDA:29,_RNCNvNtNtCsj01YzKchgFg_8mdmdview13table_support11column_spec19derive_column_specss2_0B7_
FNDA:73,_RNCNvNtNtCsj01YzKchgFg_8mdmdview13table_support11column_spec19derive_column_specss5_0B7_
FNDA:85,_RNCNvNtNtCsj01YzKchgFg_8mdmdview13table_support11column_spec19derive_column_specss_0B7_
FNDA:34,_RNCNvNtNtCsj01YzKchgFg_8mdmdview13table_support11column_spec20compute_column_stats0B7_
FNDA:1154,_RNCNvNtNtCsj01YzKchgFg_8mdmdview13table_support11column_spec25accumulate_stats_for_cell0B7_
FNDA:26,_RNvMNtNtCsj01YzKchgFg_8mdmdview13table_support11column_specNtB2_12ColumnPolicy9to_column
FNDA:34,_RNvMs0_NtNtCsj01YzKchgFg_8mdmdview13table_support11column_specNtB5_10ColumnSpec10set_policy
FNDA:5,_RNvMs0_NtNtCsj01YzKchgFg_8mdmdview13table_support11column_specNtB5_10ColumnSpec21apply_preferred_width
FNDA:18,_RNvMs0_NtNtCsj01YzKchgFg_8mdmdview13table_support11column_specNtB5_10ColumnSpec9as_column
FNDA:110,_RNvMs1_NtNtCsj01YzKchgFg_8mdmdview13table_support11column_specNtB5_18TableColumnContext11column_stat
FNDA:33,_RNvMs1_NtNtCsj01YzKchgFg_8mdmdview13table_support11column_specNtB5_18TableColumnContext3new
FNDA:91,_RNvNtNtCsj01YzKchgFg_8mdmdview13table_support11column_spec11header_text
FNDA:473,_RNvNtNtCsj01YzKchgFg_8mdmdview13table_support11column_spec11matches_any
FNDA:158,_RNvNtNtCsj01YzKchgFg_8mdmdview13table_support11column_spec13spans_to_text
FNDA:91,_RNvNtNtCsj01YzKchgFg_8mdmdview13table_support11column_spec14column_tooltip
FNDA:90,_RNvNtNtCsj01YzKchgFg_8mdmdview13table_support11column_spec15classify_column
FNDA:33,_RNvNtNtCsj01YzKchgFg_8mdmdview13table_support11column_spec19derive_column_specs
FNDA:30,_RNvNtNtCsj01YzKchgFg_8mdmdview13table_support11column_spec20compute_column_stats
FNDA:144,_RNvNtNtCsj01YzKchgFg_8mdmdview13table_support11column_spec21calculate_policy_hash
FNDA:64,_RNvNtNtCsj01YzKchgFg_8mdmdview13table_support11column_spec22column_needs_remainder
FNDA:135,_RNvNtNtCsj01YzKchgFg_8mdmdview13table_support11column_spec22normalize_body_font_px
FNDA:157,_RNvNtNtCsj01YzKchgFg_8mdmdview13table_support11column_spec25accumulate_stats_for_cell
FNDA:131,_RNvNtNtCsj01YzKchgFg_8mdmdview13table_support11column_spec2px
FNF:34
FNH:34
DA:12,135
DA:13,135
DA:14,132
DA:16,3
DA:18,135
DA:20,131
DA:21,131
DA:22,131
DA:42,26
DA:43,26
DA:44,2
DA:45,7
DA:46,7
DA:47,7
DA:48,6
DA:49,6
DA:50,7
DA:52,6
DA:53,6
DA:54,6
DA:55,1
DA:56,5
DA:57,6
DA:60,11
DA:61,11
DA:62,11
DA:64,11
DA:65,11
DA:66,2
DA:67,9
DA:68,11
DA:71,26
DA:75,4
DA:76,4
DA:77,4
DA:78,1
DA:79,1
DA:80,1
DA:81,1
DA:82,1
DA:83,1
DA:84,1
DA:85,1
DA:87,1
DA:88,1
DA:89,1
DA:90,1
DA:91,1
DA:92,1
DA:93,1
DA:94,1
DA:96,4
DA:109,106
DA:110,106
DA:111,106
DA:112,106
DA:113,106
DA:114,106
DA:115,106
DA:116,106
DA:117,106
DA:118,106
DA:119,106
DA:120,106
DA:121,106
DA:122,106
DA:123,106
DA:124,106
DA:126,18
DA:127,18
DA:128,18
DA:130,34
DA:131,34
DA:132,34
DA:133,34
DA:135,5
DA:137,4
DA:138,4
DA:140,5
DA:141,4
DA:142,4
DA:143,4
DA:144,4
DA:145,4
DA:146,5
DA:172,33
DA:173,33
DA:174,33
DA:175,33
DA:176,33
DA:177,33
DA:178,33
DA:179,33
DA:180,33
DA:181,33
DA:182,33
DA:183,33
DA:184,33
DA:185,33
DA:186,33
DA:188,110
DA:189,110
DA:190,110
DA:193,144
DA:194,144
DA:195,144
DA:196,144
DA:197,144
DA:198,144
DA:199,5
DA:200,35
DA:201,35
DA:202,35
DA:203,35
DA:204,33
DA:205,33
DA:206,33
DA:207,71
DA:208,71
DA:209,71
DA:210,71
DA:212,144
DA:213,144
DA:215,33
DA:216,33
DA:217,33
DA:218,33
DA:219,33
DA:220,33
DA:221,33
DA:222,33
DA:223,34
DA:225,33
DA:227,33
DA:228,85
DA:229,85
DA:230,85
DA:231,85
DA:233,85
DA:234,85
DA:235,80
DA:236,80
DA:237,2
DA:238,78
DA:239,80
DA:240,4
DA:241,76
DA:242,80
DA:243,80
DA:244,85
DA:245,85
DA:246,48
DA:247,48
DA:248,48
DA:249,85
DA:251,85
DA:252,85
DA:253,85
DA:254,85
DA:255,85
DA:256,33
DA:259,33
DA:260,24
DA:261,24
DA:262,23
DA:263,17
DA:264,17
DA:265,1
DA:266,24
DA:267,24
DA:268,24
DA:269,43
DA:270,24
DA:271,14
DA:272,14
DA:273,43
DA:274,29
DA:275,14
DA:276,14
DA:277,10
DA:278,24
DA:279,8
DA:280,8
DA:281,1
DA:282,1
DA:283,7
DA:285,17
DA:286,24
DA:287,18
DA:288,18
DA:289,18
DA:290,18
DA:291,9
DA:294,73
DA:295,107
DA:296,77
DA:297,3
DA:298,74
DA:299,74
DA:300,74
DA:301,25
DA:302,1
DA:303,1
DA:304,1
DA:305,73
DA:308,33
DA:309,33
DA:311,91
DA:312,91
DA:313,183
DA:314,92
DA:315,84
DA:316,1
DA:317,1
DA:318,1
DA:319,1
DA:320,88
DA:321,4
DA:322,84
DA:323,88
DA:325,2
DA:326,2
DA:327,1
DA:328,1
DA:329,2
DA:331,2
DA:332,2
DA:333,1
DA:334,1
DA:335,2
DA:339,91
DA:340,6
DA:342,85
DA:344,91
DA:346,90
DA:347,90
DA:348,90
DA:349,90
DA:350,90
DA:351,90
DA:352,90
DA:353,90
DA:354,90
DA:355,6
DA:356,6
DA:357,6
DA:358,6
DA:359,84
DA:360,84
DA:361,1
DA:362,1
DA:363,1
DA:364,1
DA:365,83
DA:366,83
DA:367,4
DA:368,4
DA:369,4
DA:370,4
DA:371,4
DA:372,79
DA:373,79
DA:374,3
DA:375,3
DA:376,3
DA:377,3
DA:378,76
DA:379,76
DA:380,76
DA:381,76
DA:383,15
DA:384,15
DA:385,15
DA:386,15
DA:387,15
DA:388,61
DA:389,61
DA:390,61
DA:391,61
DA:393,6
DA:394,6
DA:395,55
DA:396,55
DA:398,22
DA:399,22
DA:400,22
DA:402,18
DA:403,18
DA:404,18
DA:405,18
DA:406,4
DA:407,33
DA:408,37
DA:409,5
DA:410,5
DA:411,32
DA:412,32
DA:413,32
DA:414,32
DA:415,32
DA:416,32
DA:417,90
DA:419,64
DA:420,64
DA:421,63
DA:422,62
DA:423,61
DA:424,59
DA:426,1
DA:428,64
DA:430,473
DA:431,1694
DA:432,473
DA:434,91
DA:435,91
DA:436,1
DA:437,28
DA:438,28
DA:440,28
DA:442,13
DA:443,13
DA:444,13
DA:447,49
DA:448,49
DA:449,49
DA:450,49
DA:451,49
DA:454,49
DA:457,91
DA:458,91
DA:460,30
DA:461,30
DA:462,30
DA:463,30
DA:464,30
DA:465,30
DA:466,30
DA:467,34
DA:469,30
DA:470,1
DA:471,29
DA:473,29
DA:475,70
DA:476,70
DA:477,70
DA:479,29
DA:480,33
DA:481,82
DA:482,82
DA:483,82
DA:484,33
DA:485,33
DA:486,1
DA:487,32
DA:490,29
DA:491,30
DA:493,157
DA:494,157
DA:495,1
DA:496,156
DA:497,157
DA:498,157
DA:499,157
DA:501,328
DA:502,171
DA:503,3
DA:504,2
DA:505,166
DA:509,157
DA:510,157
DA:511,156
DA:512,156
DA:513,156
DA:515,234
DA:516,234
DA:517,234
DA:518,234
DA:520,156
DA:521,1154
DA:522,1
DA:523,1
DA:525,157
DA:526,157
DA:527,157
DA:528,157
DA:529,157
DA:530,157
DA:532,158
DA:533,158
DA:534,336
DA:535,178
DA:536,164
DA:537,1
DA:538,4
DA:539,1
DA:540,1
DA:541,171
DA:542,19
DA:543,152
DA:544,171
DA:546,4
DA:547,4
DA:548,1
DA:549,3
DA:550,4
DA:552,3
DA:553,3
DA:554,1
DA:555,2
DA:556,3
DA:560,158
DA:561,158
BRF:0
BRH:0
LF:426
LH:426
end_of_record
SF:C:\language\mdmdview\src\table_support\metrics.rs
FN:165,_RNCNvMs_NtNtCsj01YzKchgFg_8mdmdview13table_support7metricsNtB6_12TableMetrics6totals0Ba_
FN:55,_RNvMNtNtCsj01YzKchgFg_8mdmdview13table_support7metricsNtB2_16TableMetricEntry10begin_pass
FN:44,_RNvMNtNtCsj01YzKchgFg_8mdmdview13table_support7metricsNtB2_16TableMetricEntry10ensure_row
FN:107,_RNvMNtNtCsj01YzKchgFg_8mdmdview13table_support7metricsNtB2_16TableMetricEntry13header_height
FN:76,_RNvMNtNtCsj01YzKchgFg_8mdmdview13table_support7metricsNtB2_16TableMetricEntry13update_widths
FN:125,_RNvMNtNtCsj01YzKchgFg_8mdmdview13table_support7metricsNtB2_16TableMetricEntry14current_widths
FN:64,_RNvMNtNtCsj01YzKchgFg_8mdmdview13table_support7metricsNtB2_16TableMetricEntry15persisted_width
FN:60,_RNvMNtNtCsj01YzKchgFg_8mdmdview13table_support7metricsNtB2_16TableMetricEntry17note_row_rendered
FN:68,_RNvMNtNtCsj01YzKchgFg_8mdmdview13table_support7metricsNtB2_16TableMetricEntry19set_persisted_width
FN:115,_RNvMNtNtCsj01YzKchgFg_8mdmdview13table_support7metricsNtB2_16TableMetricEntry20update_header_height
FN:132,_RNvMNtNtCsj01YzKchgFg_8mdmdview13table_support7metricsNtB2_16TableMetricEntry22check_font_size_change
FN:72,_RNvMNtNtCsj01YzKchgFg_8mdmdview13table_support7metricsNtB2_16TableMetricEntry22remove_persisted_width
FN:51,_RNvMNtNtCsj01YzKchgFg_8mdmdview13table_support7metricsNtB2_16TableMetricEntry3row
FN:183,_RNvMs0_NtNtCsj01YzKchgFg_8mdmdview13table_support7metricsNtB5_10CacheStats10record_hit
FN:187,_RNvMs0_NtNtCsj01YzKchgFg_8mdmdview13table_support7metricsNtB5_10CacheStats11record_miss
FN:170,_RNvMs_NtNtCsj01YzKchgFg_8mdmdview13table_support7metricsNtB4_12TableMetrics5clear
FN:158,_RNvMs_NtNtCsj01YzKchgFg_8mdmdview13table_support7metricsNtB4_12TableMetrics5entry
FN:162,_RNvMs_NtNtCsj01YzKchgFg_8mdmdview13table_support7metricsNtB4_12TableMetrics6totals
FN:154,_RNvMs_NtNtCsj01YzKchgFg_8mdmdview13table_support7metricsNtB4_12TableMetrics9entry_mut
FNDA:4,_RNCNvMs_NtNtCsj01YzKchgFg_8mdmdview13table_support7metricsNtB6_12TableMetrics6totals0Ba_
FNDA:22,_RNvMNtNtCsj01YzKchgFg_8mdmdview13table_support7metricsNtB2_16TableMetricEntry10begin_pass
FNDA:29,_RNvMNtNtCsj01YzKchgFg_8mdmdview13table_support7metricsNtB2_16TableMetricEntry10ensure_row
FNDA:22,_RNvMNtNtCsj01YzKchgFg_8mdmdview13table_support7metricsNtB2_16TableMetricEntry13header_height
FNDA:25,_RNvMNtNtCsj01YzKchgFg_8mdmdview13table_support7metricsNtB2_16TableMetricEntry13update_widths
FNDA:22,_RNvMNtNtCsj01YzKchgFg_8mdmdview13table_support7metricsNtB2_16TableMetricEntry14current_widths
FNDA:100,_RNvMNtNtCsj01YzKchgFg_8mdmdview13table_support7metricsNtB2_16TableMetricEntry15persisted_width
FNDA:32,_RNvMNtNtCsj01YzKchgFg_8mdmdview13table_support7metricsNtB2_16TableMetricEntry17note_row_rendered
FNDA:29,_RNvMNtNtCsj01YzKchgFg_8mdmdview13table_support7metricsNtB2_16TableMetricEntry19set_persisted_width
FNDA:22,_RNvMNtNtCsj01YzKchgFg_8mdmdview13table_support7metricsNtB2_16TableMetricEntry20update_header_height
FNDA:32,_RNvMNtNtCsj01YzKchgFg_8mdmdview13table_support7metricsNtB2_16TableMetricEntry22check_font_size_change
FNDA:1,_RNvMNtNtCsj01YzKchgFg_8mdmdview13table_support7metricsNtB2_16TableMetricEntry22remove_persisted_width
FNDA:31,_RNvMNtNtCsj01YzKchgFg_8mdmdview13table_support7metricsNtB2_16TableMetricEntry3row
FNDA:2,_RNvMs0_NtNtCsj01YzKchgFg_8mdmdview13table_support7metricsNtB5_10CacheStats10record_hit
FNDA:1,_RNvMs0_NtNtCsj01YzKchgFg_8mdmdview13table_support7metricsNtB5_10CacheStats11record_miss
FNDA:259,_RNvMs_NtNtCsj01YzKchgFg_8mdmdview13table_support7metricsNtB4_12TableMetrics5clear
FNDA:100,_RNvMs_NtNtCsj01YzKchgFg_8mdmdview13table_support7metricsNtB4_12TableMetrics5entry
FNDA:3,_RNvMs_NtNtCsj01YzKchgFg_8mdmdview13table_support7metricsNtB4_12TableMetrics6totals
FNDA:169,_RNvMs_NtNtCsj01YzKchgFg_8mdmdview13table_support7metricsNtB4_12TableMetrics9entry_mut
FNF:19
FNH:19
DA:44,29
DA:45,29
DA:46,28
DA:47,28
DA:48,29
DA:49,29
DA:51,31
DA:52,31
DA:53,31
DA:55,22
DA:56,22
DA:57,22
DA:58,22
DA:60,32
DA:61,32
DA:62,32
DA:64,100
DA:65,100
DA:66,100
DA:68,29
DA:69,29
DA:70,29
DA:72,1
DA:73,1
DA:74,1
DA:76,25
DA:77,25
DA:78,1
DA:79,1
DA:80,1
DA:81,24
DA:83,24
DA:84,24
DA:85,24
DA:86,1
DA:87,1
DA:88,23
DA:89,8
DA:90,8
DA:91,1
DA:92,1
DA:93,7
DA:94,7
DA:95,2
DA:96,5
DA:100,24
DA:101,24
DA:102,24
DA:104,24
DA:105,25
DA:107,22
DA:108,22
DA:109,3
DA:111,19
DA:113,22
DA:115,22
DA:116,22
DA:117,22
DA:118,20
DA:119,20
DA:121,2
DA:123,22
DA:125,22
DA:126,22
DA:127,22
DA:132,32
DA:134,32
DA:135,7
DA:136,2
DA:137,2
DA:138,2
DA:139,5
DA:140,25
DA:141,25
DA:142,25
DA:143,30
DA:144,32
DA:154,169
DA:155,169
DA:156,169
DA:158,100
DA:159,100
DA:160,100
DA:162,3
DA:163,3
DA:164,3
DA:165,4
DA:166,4
DA:167,4
DA:168,3
DA:170,259
DA:171,259
DA:172,259
DA:183,2
DA:184,2
DA:185,2
DA:187,1
DA:188,1
DA:189,1
BRF:0
BRH:0
LF:100
LH:100
end_of_record
SF:C:\language\mdmdview\src\window_state.rs
FN:99,_RINvNtCsj01YzKchgFg_8mdmdview12window_state18write_window_stateNtNtCsfF4KpLFRSdP_3std2fs4FileEB4_
FN:99,_RINvNtCsj01YzKchgFg_8mdmdview12window_state18write_window_stateNtNvNtB2_5testss_40test_write_window_state_error_propagates13FailingWriterEB4_
FN:47,_RNCNvNtCsj01YzKchgFg_8mdmdview12window_state10state_path0B5_
FN:223,_RNCNvNtCsj01YzKchgFg_8mdmdview12window_state24force_registry_load_once0B5_
FN:213,_RNCNvNtCsj01YzKchgFg_8mdmdview12window_state25take_forced_registry_load0B5_
FN:198,_RNCNvNtCsj01YzKchgFg_8mdmdview12window_state27force_file_write_error_once0B5_
FN:193,_RNCNvNtCsj01YzKchgFg_8mdmdview12window_state28take_forced_file_write_error0B5_
FN:230,_RNCNvNtCsj01YzKchgFg_8mdmdview12window_state30force_registry_save_error_once0B5_
FN:218,_RNCNvNtCsj01YzKchgFg_8mdmdview12window_state31take_forced_registry_save_error0B5_
FN:12,_RNvNtCsj01YzKchgFg_8mdmdview12window_state10config_dir
FN:46,_RNvNtCsj01YzKchgFg_8mdmdview12window_state10state_path
FN:53,_RNvNtCsj01YzKchgFg_8mdmdview12window_state17load_window_state
FN:81,_RNvNtCsj01YzKchgFg_8mdmdview12window_state17save_window_state
FN:116,_RNvNtCsj01YzKchgFg_8mdmdview12window_state21sanitize_window_state
FN:222,_RNvNtCsj01YzKchgFg_8mdmdview12window_state24force_registry_load_once
FN:212,_RNvNtCsj01YzKchgFg_8mdmdview12window_state25take_forced_registry_load
FN:236,_RNvNtCsj01YzKchgFg_8mdmdview12window_state26load_window_state_registry
FN:241,_RNvNtCsj01YzKchgFg_8mdmdview12window_state26save_window_state_registry
FN:197,_RNvNtCsj01YzKchgFg_8mdmdview12window_state27force_file_write_error_once
FN:192,_RNvNtCsj01YzKchgFg_8mdmdview12window_state28take_forced_file_write_error
FN:229,_RNvNtCsj01YzKchgFg_8mdmdview12window_state30force_registry_save_error_once
FN:217,_RNvNtCsj01YzKchgFg_8mdmdview12window_state31take_forced_registry_save_error
FNDA:8,_RINvNtCsj01YzKchgFg_8mdmdview12window_state18write_window_stateNtNtCsfF4KpLFRSdP_3std2fs4FileEB4_
FNDA:1,_RINvNtCsj01YzKchgFg_8mdmdview12window_state18write_window_stateNtNvNtB2_5testss_40test_write_window_state_error_propagates13FailingWriterEB4_
FNDA:9,_RNCNvNtCsj01YzKchgFg_8mdmdview12window_state10state_path0B5_
FNDA:1,_RNCNvNtCsj01YzKchgFg_8mdmdview12window_state24force_registry_load_once0B5_
FNDA:11,_RNCNvNtCsj01YzKchgFg_8mdmdview12window_state25take_forced_registry_load0B5_
FNDA:1,_RNCNvNtCsj01YzKchgFg_8mdmdview12window_state27force_file_write_error_once0B5_
FNDA:9,_RNCNvNtCsj01YzKchgFg_8mdmdview12window_state28take_forced_file_write_error0B5_
FNDA:1,_RNCNvNtCsj01YzKchgFg_8mdmdview12window_state30force_registry_save_error_once0B5_
FNDA:11,_RNCNvNtCsj01YzKchgFg_8mdmdview12window_state31take_forced_registry_save_error0B5_
FNDA:24,_RNvNtCsj01YzKchgFg_8mdmdview12window_state10config_dir
FNDA:10,_RNvNtCsj01YzKchgFg_8mdmdview12window_state10state_path
FNDA:11,_RNvNtCsj01YzKchgFg_8mdmdview12window_state17load_window_state
FNDA:11,_RNvNtCsj01YzKchgFg_8mdmdview12window_state17save_window_state
FNDA:5,_RNvNtCsj01YzKchgFg_8mdmdview12window_state21sanitize_window_state
FNDA:1,_RNvNtCsj01YzKchgFg_8mdmdview12window_state24force_registry_load_once
FNDA:11,_RNvNtCsj01YzKchgFg_8mdmdview12window_state25take_forced_registry_load
FNDA:11,_RNvNtCsj01YzKchgFg_8mdmdview12window_state26load_window_state_registry
FNDA:11,_RNvNtCsj01YzKchgFg_8mdmdview12window_state26save_window_state_registry
FNDA:1,_RNvNtCsj01YzKchgFg_8mdmdview12window_state27force_file_write_error_once
FNDA:9,_RNvNtCsj01YzKchgFg_8mdmdview12window_state28take_forced_file_write_error
FNDA:1,_RNvNtCsj01YzKchgFg_8mdmdview12window_state30force_registry_save_error_once
FNDA:11,_RNvNtCsj01YzKchgFg_8mdmdview12window_state31take_forced_registry_save_error
FNF:21
FNH:21
DA:12,24
DA:16,24
DA:17,19
DA:18,19
DA:19,19
DA:20,5
DA:33,5
DA:34,1
DA:35,1
DA:36,1
DA:37,4
DA:38,4
DA:39,1
DA:40,1
DA:41,1
DA:42,3
DA:43,3
DA:44,24
DA:46,10
DA:47,10
DA:48,9
DA:49,9
DA:50,9
DA:51,10
DA:53,11
DA:56,11
DA:57,1
DA:58,10
DA:60,10
DA:61,9
DA:62,8
DA:63,8
DA:65,7
DA:66,7
DA:67,1
DA:68,6
DA:69,6
DA:70,5
DA:71,4
DA:72,3
DA:73,2
DA:74,2
DA:75,2
DA:76,2
DA:77,2
DA:78,2
DA:79,11
DA:81,11
DA:84,11
DA:85,1
DA:86,10
DA:88,11
DA:89,10
DA:90,8
DA:91,2
DA:92,9
DA:93,9
DA:94,8
DA:95,1
DA:96,8
DA:97,11
DA:99,9
DA:102,9
DA:103,1
DA:104,1
DA:105,1
DA:106,1
DA:107,8
DA:108,8
DA:109,8
DA:110,8
DA:111,8
DA:112,1
DA:113,7
DA:114,9
DA:116,5
DA:118,5
DA:119,4
DA:120,3
DA:121,2
DA:123,4
DA:124,1
DA:127,1
DA:128,1
DA:129,1
DA:130,1
DA:131,1
DA:133,1
DA:134,1
DA:135,1
DA:136,1
DA:138,1
DA:139,1
DA:140,1
DA:141,1
DA:142,1
DA:143,5
DA:192,9
DA:193,9
DA:194,9
DA:197,1
DA:198,1
DA:199,1
DA:200,1
DA:201,1
DA:212,11
DA:213,11
DA:214,11
DA:217,11
DA:218,11
DA:219,11
DA:222,1
DA:223,1
DA:224,1
DA:225,1
DA:226,1
DA:229,1
DA:230,1
DA:231,1
DA:232,1
DA:233,1
DA:236,11
DA:237,11
DA:238,11
DA:241,11
DA:242,11
DA:243,1
DA:244,10
DA:245,10
DA:246,11
BRF:0
BRH:0
LF:137
LH:136
end_of_record