Filename                                                                                                              Regions    Missed Regions     Cover   Functions  Missed Functions  Executed       Lines      Missed Lines     Cover    Branches   Missed Branches     Cover
---------------------------------------------------------------------------------------------------------------------------------------------------------------------------------------------------------------------------------------------------------------------------------
C:\language\mdmdview\src\app.rs                                                                                          7163               260    96.37%         384                15    96.09%        4661                62    98.67%         570                51    91.05%
C:\language\mdmdview\src\emoji_assets.rs                                                                                  260                 0   100.00%          13                 0   100.00%         152                 0   100.00%          16                 0   100.00%
C:\language\mdmdview\src\emoji_catalog.rs                                                                                 127                 0   100.00%           6                 0   100.00%         139                 0   100.00%           0                 0         -
C:\language\mdmdview\src\image_decode.rs                                                                                  359                 3    99.16%          22                 0   100.00%         189                 1    99.47%          32                 3    90.62%
C:\language\mdmdview\src\main.rs                                                                                          741                24    96.76%          38                 2    94.74%         387                 3    99.22%          70                 0   100.00%
C:\language\mdmdview\src\markdown_renderer.rs                                                                           13640               352    97.42%         696                20    97.13%        8435               142    98.32%         966                89    90.79%
C:\language\mdmdview\src\mermaid_renderer.rs                                                                             5675               195    96.56%         259                12    95.37%        3153               110    96.51%         443                64    85.55%
C:\language\mdmdview\src\sample_files.rs                                                                                  131                 0   100.00%           9                 0   100.00%          56                 0   100.00%           0                 0         -
C:\language\mdmdview\src\table_support\column_spec.rs                                                                    1361                24    98.24%          74                 3    95.95%         891                 2    99.78%          98                 0   100.00%
C:\language\mdmdview\src\table_support\metrics.rs                                                                         304                 0   100.00%          27                 0   100.00%         178                 0   100.00%          20                 0   100.00%
C:\language\mdmdview\src\window_state.rs                                                                                  620                 7    98.87%          35                 0   100.00%         336                 1    99.70%          28                 0   100.00%
c:\language\mdmdview\target\llvm-cov-target\debug\build\glutin_egl_sys-539297a1ef0c280c\out\egl_bindings.rs               497               497     0.00%          66                66     0.00%         154               154     0.00%           6                 6     0.00%
c:\language\mdmdview\target\llvm-cov-target\debug\build\glutin_wgl_sys-40d142050ed41546\out\wgl_extra_bindings.rs         266               266     0.00%          34                34     0.00%          90                90     0.00%           6                 6     0.00%
---------------------------------------------------------------------------------------------------------------------------------------------------------------------------------------------------------------------------------------------------------------------------------
TOTAL                                                                                                                   31144              1628    94.77%        1663               152    90.86%       18821               565    97.00%        2255               219    90.29%